CRITICAL - 2022-09-02 14:09:57 --> password_verify(): Passing null to parameter #2 ($hash) of type string is deprecated
in APPPATH\Controllers\Home.php on line 55.
 1 [internal function]: CodeIgniter\Debug\Exceptions->errorHandler(8192, 'password_verify(): Passing null to parameter #2 ($hash) of type string is deprecated', 'APPPATH\\Controllers\\Home.php', 55)
 2 APPPATH\Controllers\Home.php(55): password_verify('Saraymadrigal15', null)
 3 SYSTEMPATH\CodeIgniter.php(896): App\Controllers\Home->attemptLogin()
 4 SYSTEMPATH\CodeIgniter.php(466): CodeIgniter\CodeIgniter->runController(Object(App\Controllers\Home))
 5 SYSTEMPATH\CodeIgniter.php(349): CodeIgniter\CodeIgniter->handleRequest(null, Object(Config\Cache), false)
 6 FCPATH\index.php(55): CodeIgniter\CodeIgniter->run()
CRITICAL - 2022-09-02 14:11:26 --> password_verify(): Passing null to parameter #2 ($hash) of type string is deprecated
in APPPATH\Controllers\Home.php on line 56.
 1 [internal function]: CodeIgniter\Debug\Exceptions->errorHandler(8192, 'password_verify(): Passing null to parameter #2 ($hash) of type string is deprecated', 'APPPATH\\Controllers\\Home.php', 56)
 2 APPPATH\Controllers\Home.php(56): password_verify('Saraymadrigal15', null)
 3 SYSTEMPATH\CodeIgniter.php(896): App\Controllers\Home->attemptLogin()
 4 SYSTEMPATH\CodeIgniter.php(466): CodeIgniter\CodeIgniter->runController(Object(App\Controllers\Home))
 5 SYSTEMPATH\CodeIgniter.php(349): CodeIgniter\CodeIgniter->handleRequest(null, Object(Config\Cache), false)
 6 FCPATH\index.php(55): CodeIgniter\CodeIgniter->run()
CRITICAL - 2022-09-02 14:12:45 --> password_verify(): Passing null to parameter #2 ($hash) of type string is deprecated
in APPPATH\Controllers\Home.php on line 58.
 1 [internal function]: CodeIgniter\Debug\Exceptions->errorHandler(8192, 'password_verify(): Passing null to parameter #2 ($hash) of type string is deprecated', 'APPPATH\\Controllers\\Home.php', 58)
 2 APPPATH\Controllers\Home.php(58): password_verify('Saraymadrigal15', null)
 3 SYSTEMPATH\CodeIgniter.php(896): App\Controllers\Home->attemptLogin()
 4 SYSTEMPATH\CodeIgniter.php(466): CodeIgniter\CodeIgniter->runController(Object(App\Controllers\Home))
 5 SYSTEMPATH\CodeIgniter.php(349): CodeIgniter\CodeIgniter->handleRequest(null, Object(Config\Cache), false)
 6 FCPATH\index.php(55): CodeIgniter\CodeIgniter->run()
CRITICAL - 2022-09-02 14:17:53 --> Undefined variable $permisos
in APPPATH\Views\templates\header.php on line 100.
 1 APPPATH\Views\templates\header.php(100): CodeIgniter\Debug\Exceptions->errorHandler(2, 'Undefined variable $permisos', 'APPPATH\\Views\\templates\\header.php', 100)
 2 SYSTEMPATH\View\View.php(213): include('APPPATH\\Views\\templates\\header.php')
 3 SYSTEMPATH\View\View.php(216): CodeIgniter\View\View->CodeIgniter\View\{closure}()
 4 SYSTEMPATH\Common.php(1135): CodeIgniter\View\View->render('templates/header', [], true)
 5 APPPATH\Controllers\Registrar.php(31): view('templates/header')
 6 SYSTEMPATH\CodeIgniter.php(896): App\Controllers\Registrar->completar('26', '40541502eb97faf4fc68b8277789f29d9b22c091')
 7 SYSTEMPATH\CodeIgniter.php(466): CodeIgniter\CodeIgniter->runController(Object(App\Controllers\Registrar))
 8 SYSTEMPATH\CodeIgniter.php(349): CodeIgniter\CodeIgniter->handleRequest(null, Object(Config\Cache), false)
 9 FCPATH\index.php(55): CodeIgniter\CodeIgniter->run()
