CRITICAL - 2022-10-25 13:57:23 --> trim(): Passing null to parameter #1 ($string) of type string is deprecated
in SYSTEMPATH\Validation\Validation.php on line 293.
 1 [internal function]: CodeIgniter\Debug\Exceptions->errorHandler(8192, 'trim(): Passing null to parameter #1 ($string) of type string is deprecated', 'SYSTEMPATH\\Validation\\Validation.php', 293)
 2 SYSTEMPATH\Validation\Validation.php(293): trim(null)
 3 SYSTEMPATH\Validation\Validation.php(173): CodeIgniter\Validation\Validation->processRules('noActivo', 'noActivo', null, [...], [...])
 4 SYSTEMPATH\BaseModel.php(1349): CodeIgniter\Validation\Validation->run([...], null, null)
 5 SYSTEMPATH\BaseModel.php(707): CodeIgniter\BaseModel->validate([...])
 6 SYSTEMPATH\Model.php(666): CodeIgniter\BaseModel->insert([...], false)
 7 SYSTEMPATH\BaseModel.php(658): CodeIgniter\Model->insert([...], false)
 8 APPPATH\Controllers\Activos.php(87): CodeIgniter\BaseModel->save([...])
 9 SYSTEMPATH\CodeIgniter.php(896): App\Controllers\Activos->create()
10 SYSTEMPATH\CodeIgniter.php(466): CodeIgniter\CodeIgniter->runController(Object(App\Controllers\Activos))
11 SYSTEMPATH\CodeIgniter.php(349): CodeIgniter\CodeIgniter->handleRequest(null, Object(Config\Cache), false)
12 FCPATH\index.php(55): CodeIgniter\CodeIgniter->run()
CRITICAL - 2022-10-25 13:57:35 --> trim(): Passing null to parameter #1 ($string) of type string is deprecated
in SYSTEMPATH\Validation\Validation.php on line 293.
 1 [internal function]: CodeIgniter\Debug\Exceptions->errorHandler(8192, 'trim(): Passing null to parameter #1 ($string) of type string is deprecated', 'SYSTEMPATH\\Validation\\Validation.php', 293)
 2 SYSTEMPATH\Validation\Validation.php(293): trim(null)
 3 SYSTEMPATH\Validation\Validation.php(173): CodeIgniter\Validation\Validation->processRules('noActivo', 'noActivo', null, [...], [...])
 4 SYSTEMPATH\BaseModel.php(1349): CodeIgniter\Validation\Validation->run([...], null, null)
 5 SYSTEMPATH\BaseModel.php(707): CodeIgniter\BaseModel->validate([...])
 6 SYSTEMPATH\Model.php(666): CodeIgniter\BaseModel->insert([...], false)
 7 SYSTEMPATH\BaseModel.php(658): CodeIgniter\Model->insert([...], false)
 8 APPPATH\Controllers\Activos.php(87): CodeIgniter\BaseModel->save([...])
 9 SYSTEMPATH\CodeIgniter.php(896): App\Controllers\Activos->create()
10 SYSTEMPATH\CodeIgniter.php(466): CodeIgniter\CodeIgniter->runController(Object(App\Controllers\Activos))
11 SYSTEMPATH\CodeIgniter.php(349): CodeIgniter\CodeIgniter->handleRequest(null, Object(Config\Cache), false)
12 FCPATH\index.php(55): CodeIgniter\CodeIgniter->run()
CRITICAL - 2022-10-25 13:59:57 --> trim(): Passing null to parameter #1 ($string) of type string is deprecated
in SYSTEMPATH\Validation\Validation.php on line 293.
 1 [internal function]: CodeIgniter\Debug\Exceptions->errorHandler(8192, 'trim(): Passing null to parameter #1 ($string) of type string is deprecated', 'SYSTEMPATH\\Validation\\Validation.php', 293)
 2 SYSTEMPATH\Validation\Validation.php(293): trim(null)
 3 SYSTEMPATH\Validation\Validation.php(173): CodeIgniter\Validation\Validation->processRules('noActivo', 'noActivo', null, [...], [...])
 4 SYSTEMPATH\BaseModel.php(1349): CodeIgniter\Validation\Validation->run([...], null, null)
 5 SYSTEMPATH\BaseModel.php(707): CodeIgniter\BaseModel->validate([...])
 6 SYSTEMPATH\Model.php(666): CodeIgniter\BaseModel->insert([...], false)
 7 SYSTEMPATH\BaseModel.php(658): CodeIgniter\Model->insert([...], false)
 8 APPPATH\Controllers\Activos.php(87): CodeIgniter\BaseModel->save([...])
 9 SYSTEMPATH\CodeIgniter.php(896): App\Controllers\Activos->create()
10 SYSTEMPATH\CodeIgniter.php(466): CodeIgniter\CodeIgniter->runController(Object(App\Controllers\Activos))
11 SYSTEMPATH\CodeIgniter.php(349): CodeIgniter\CodeIgniter->handleRequest(null, Object(Config\Cache), false)
12 FCPATH\index.php(55): CodeIgniter\CodeIgniter->run()
