CRITICAL - 2022-10-28 11:19:46 --> Undefined variable $idActivo
in APPPATH\Controllers\Asignacion.php on line 173.
 1 APPPATH\Controllers\Asignacion.php(173): CodeIgniter\Debug\Exceptions->errorHandler(2, 'Undefined variable $idActivo', 'APPPATH\\Controllers\\Asignacion.php', 173)
 2 SYSTEMPATH\CodeIgniter.php(896): App\Controllers\Asignacion->createAccesorio()
 3 SYSTEMPATH\CodeIgniter.php(466): CodeIgniter\CodeIgniter->runController(Object(App\Controllers\Asignacion))
 4 SYSTEMPATH\CodeIgniter.php(349): CodeIgniter\CodeIgniter->handleRequest(null, Object(Config\Cache), false)
 5 FCPATH\index.php(55): CodeIgniter\CodeIgniter->run()
CRITICAL - 2022-10-28 11:19:53 --> Trying to access array offset on value of type null
in APPPATH\Views\asignarAccesorio.php on line 35.
 1 APPPATH\Views\asignarAccesorio.php(35): CodeIgniter\Debug\Exceptions->errorHandler(2, 'Trying to access array offset on value of type null', 'APPPATH\\Views\\asignarAccesorio.php', 35)
 2 SYSTEMPATH\View\View.php(213): include('APPPATH\\Views\\asignarAccesorio.php')
 3 SYSTEMPATH\View\View.php(216): CodeIgniter\View\View->CodeIgniter\View\{closure}()
 4 SYSTEMPATH\Common.php(1135): CodeIgniter\View\View->render('asignarAccesorio', [], true)
 5 APPPATH\Controllers\Asignacion.php(100): view('asignarAccesorio', [...])
 6 SYSTEMPATH\CodeIgniter.php(896): App\Controllers\Asignacion->asignacionAccesorio('guardarAsignacion')
 7 SYSTEMPATH\CodeIgniter.php(466): CodeIgniter\CodeIgniter->runController(Object(App\Controllers\Asignacion))
 8 SYSTEMPATH\CodeIgniter.php(349): CodeIgniter\CodeIgniter->handleRequest(null, Object(Config\Cache), false)
 9 FCPATH\index.php(55): CodeIgniter\CodeIgniter->run()
CRITICAL - 2022-10-28 11:20:01 --> Undefined variable $idActivo
in APPPATH\Controllers\Asignacion.php on line 173.
 1 APPPATH\Controllers\Asignacion.php(173): CodeIgniter\Debug\Exceptions->errorHandler(2, 'Undefined variable $idActivo', 'APPPATH\\Controllers\\Asignacion.php', 173)
 2 SYSTEMPATH\CodeIgniter.php(896): App\Controllers\Asignacion->createAccesorio()
 3 SYSTEMPATH\CodeIgniter.php(466): CodeIgniter\CodeIgniter->runController(Object(App\Controllers\Asignacion))
 4 SYSTEMPATH\CodeIgniter.php(349): CodeIgniter\CodeIgniter->handleRequest(null, Object(Config\Cache), false)
 5 FCPATH\index.php(55): CodeIgniter\CodeIgniter->run()
CRITICAL - 2022-10-28 11:25:48 --> Undefined variable $data
in APPPATH\Controllers\Asignacion.php on line 189.
 1 APPPATH\Controllers\Asignacion.php(189): CodeIgniter\Debug\Exceptions->errorHandler(2, 'Undefined variable $data', 'APPPATH\\Controllers\\Asignacion.php', 189)
 2 SYSTEMPATH\CodeIgniter.php(896): App\Controllers\Asignacion->createAccesorio()
 3 SYSTEMPATH\CodeIgniter.php(466): CodeIgniter\CodeIgniter->runController(Object(App\Controllers\Asignacion))
 4 SYSTEMPATH\CodeIgniter.php(349): CodeIgniter\CodeIgniter->handleRequest(null, Object(Config\Cache), false)
 5 FCPATH\index.php(55): CodeIgniter\CodeIgniter->run()
CRITICAL - 2022-10-28 11:53:39 --> Undefined property: CodeIgniter\View\View::$request
in APPPATH\Views\formularioActivos.php on line 16.
 1 APPPATH\Views\formularioActivos.php(16): CodeIgniter\Debug\Exceptions->errorHandler(2, 'Undefined property: CodeIgniter\\View\\View::$request', 'APPPATH\\Views\\formularioActivos.php', 16)
 2 SYSTEMPATH\View\View.php(213): include('APPPATH\\Views\\formularioActivos.php')
 3 SYSTEMPATH\View\View.php(216): CodeIgniter\View\View->CodeIgniter\View\{closure}()
 4 SYSTEMPATH\Common.php(1135): CodeIgniter\View\View->render('formularioActivos', [], true)
 5 APPPATH\Controllers\Activos.php(122): view('formularioActivos', [...])
 6 SYSTEMPATH\CodeIgniter.php(896): App\Controllers\Activos->create()
 7 SYSTEMPATH\CodeIgniter.php(466): CodeIgniter\CodeIgniter->runController(Object(App\Controllers\Activos))
 8 SYSTEMPATH\CodeIgniter.php(349): CodeIgniter\CodeIgniter->handleRequest(null, Object(Config\Cache), false)
 9 FCPATH\index.php(55): CodeIgniter\CodeIgniter->run()
CRITICAL - 2022-10-28 11:57:09 --> Undefined array key "idActivo"
in APPPATH\Views\formularioActivos.php on line 16.
 1 APPPATH\Views\formularioActivos.php(16): CodeIgniter\Debug\Exceptions->errorHandler(2, 'Undefined array key "idActivo"', 'APPPATH\\Views\\formularioActivos.php', 16)
 2 SYSTEMPATH\View\View.php(213): include('APPPATH\\Views\\formularioActivos.php')
 3 SYSTEMPATH\View\View.php(216): CodeIgniter\View\View->CodeIgniter\View\{closure}()
 4 SYSTEMPATH\Common.php(1135): CodeIgniter\View\View->render('formularioActivos', [], true)
 5 APPPATH\Controllers\Activos.php(122): view('formularioActivos', [...])
 6 SYSTEMPATH\CodeIgniter.php(896): App\Controllers\Activos->create()
 7 SYSTEMPATH\CodeIgniter.php(466): CodeIgniter\CodeIgniter->runController(Object(App\Controllers\Activos))
 8 SYSTEMPATH\CodeIgniter.php(349): CodeIgniter\CodeIgniter->handleRequest(null, Object(Config\Cache), false)
 9 FCPATH\index.php(55): CodeIgniter\CodeIgniter->run()
CRITICAL - 2022-10-28 14:05:17 --> Undefined array key "idAplicacion"
in APPPATH\Views\formularioActivos.php on line 97.
 1 APPPATH\Views\formularioActivos.php(97): CodeIgniter\Debug\Exceptions->errorHandler(2, 'Undefined array key "idAplicacion"', 'APPPATH\\Views\\formularioActivos.php', 97)
 2 SYSTEMPATH\View\View.php(213): include('APPPATH\\Views\\formularioActivos.php')
 3 SYSTEMPATH\View\View.php(216): CodeIgniter\View\View->CodeIgniter\View\{closure}()
 4 SYSTEMPATH\Common.php(1135): CodeIgniter\View\View->render('formularioActivos', [], true)
 5 APPPATH\Controllers\Activos.php(122): view('formularioActivos', [...])
 6 SYSTEMPATH\CodeIgniter.php(896): App\Controllers\Activos->create()
 7 SYSTEMPATH\CodeIgniter.php(466): CodeIgniter\CodeIgniter->runController(Object(App\Controllers\Activos))
 8 SYSTEMPATH\CodeIgniter.php(349): CodeIgniter\CodeIgniter->handleRequest(null, Object(Config\Cache), false)
 9 FCPATH\index.php(55): CodeIgniter\CodeIgniter->run()
CRITICAL - 2022-10-28 14:06:11 --> Undefined array key "idAplicacion"
in APPPATH\Views\formularioActivos.php on line 97.
 1 APPPATH\Views\formularioActivos.php(97): CodeIgniter\Debug\Exceptions->errorHandler(2, 'Undefined array key "idAplicacion"', 'APPPATH\\Views\\formularioActivos.php', 97)
 2 SYSTEMPATH\View\View.php(213): include('APPPATH\\Views\\formularioActivos.php')
 3 SYSTEMPATH\View\View.php(216): CodeIgniter\View\View->CodeIgniter\View\{closure}()
 4 SYSTEMPATH\Common.php(1135): CodeIgniter\View\View->render('formularioActivos', [], true)
 5 APPPATH\Controllers\Activos.php(122): view('formularioActivos', [...])
 6 SYSTEMPATH\CodeIgniter.php(896): App\Controllers\Activos->create()
 7 SYSTEMPATH\CodeIgniter.php(466): CodeIgniter\CodeIgniter->runController(Object(App\Controllers\Activos))
 8 SYSTEMPATH\CodeIgniter.php(349): CodeIgniter\CodeIgniter->handleRequest(null, Object(Config\Cache), false)
 9 FCPATH\index.php(55): CodeIgniter\CodeIgniter->run()
