CRITICAL - 2022-11-18 00:17:30 --> Undefined property: CodeIgniter\View\View::$uri
in APPPATH\Views\templates\header.php on line 104.
 1 APPPATH\Views\templates\header.php(104): CodeIgniter\Debug\Exceptions->errorHandler(2, 'Undefined property: CodeIgniter\\View\\View::$uri', 'APPPATH\\Views\\templates\\header.php', 104)
 2 SYSTEMPATH\View\View.php(213): include('APPPATH\\Views\\templates\\header.php')
 3 SYSTEMPATH\View\View.php(216): CodeIgniter\View\View->CodeIgniter\View\{closure}()
 4 SYSTEMPATH\Common.php(1135): CodeIgniter\View\View->render('templates/header', [], true)
 5 APPPATH\Controllers\Reportes.php(43): view('templates/header', [...])
 6 SYSTEMPATH\CodeIgniter.php(896): App\Controllers\Reportes->reporteActivos()
 7 SYSTEMPATH\CodeIgniter.php(466): CodeIgniter\CodeIgniter->runController(Object(App\Controllers\Reportes))
 8 SYSTEMPATH\CodeIgniter.php(349): CodeIgniter\CodeIgniter->handleRequest(null, Object(Config\Cache), false)
 9 FCPATH\index.php(55): CodeIgniter\CodeIgniter->run()
CRITICAL - 2022-11-18 00:18:32 --> Undefined property: CodeIgniter\View\View::$uri
in APPPATH\Views\templates\header.php on line 104.
 1 APPPATH\Views\templates\header.php(104): CodeIgniter\Debug\Exceptions->errorHandler(2, 'Undefined property: CodeIgniter\\View\\View::$uri', 'APPPATH\\Views\\templates\\header.php', 104)
 2 SYSTEMPATH\View\View.php(213): include('APPPATH\\Views\\templates\\header.php')
 3 SYSTEMPATH\View\View.php(216): CodeIgniter\View\View->CodeIgniter\View\{closure}()
 4 SYSTEMPATH\Common.php(1135): CodeIgniter\View\View->render('templates/header', [], true)
 5 APPPATH\Controllers\Reportes.php(44): view('templates/header', [...])
 6 SYSTEMPATH\CodeIgniter.php(896): App\Controllers\Reportes->reporteActivos()
 7 SYSTEMPATH\CodeIgniter.php(466): CodeIgniter\CodeIgniter->runController(Object(App\Controllers\Reportes))
 8 SYSTEMPATH\CodeIgniter.php(349): CodeIgniter\CodeIgniter->handleRequest(null, Object(Config\Cache), false)
 9 FCPATH\index.php(55): CodeIgniter\CodeIgniter->run()
CRITICAL - 2022-11-18 00:21:45 --> Undefined constant "uri"
in APPPATH\Views\templates\header.php on line 104.
 1 SYSTEMPATH\View\View.php(213): include()
 2 SYSTEMPATH\View\View.php(216): CodeIgniter\View\View->CodeIgniter\View\{closure}()
 3 SYSTEMPATH\Common.php(1135): CodeIgniter\View\View->render('templates/header', [], true)
 4 APPPATH\Controllers\Reportes.php(44): view('templates/header', [...])
 5 SYSTEMPATH\CodeIgniter.php(896): App\Controllers\Reportes->reporteActivos()
 6 SYSTEMPATH\CodeIgniter.php(466): CodeIgniter\CodeIgniter->runController(Object(App\Controllers\Reportes))
 7 SYSTEMPATH\CodeIgniter.php(349): CodeIgniter\CodeIgniter->handleRequest(null, Object(Config\Cache), false)
 8 FCPATH\index.php(55): CodeIgniter\CodeIgniter->run()
CRITICAL - 2022-11-18 00:21:58 --> Call to undefined method CodeIgniter\HTTP\URI::segment()
in APPPATH\Views\templates\header.php on line 104.
 1 SYSTEMPATH\View\View.php(213): include()
 2 SYSTEMPATH\View\View.php(216): CodeIgniter\View\View->CodeIgniter\View\{closure}()
 3 SYSTEMPATH\Common.php(1135): CodeIgniter\View\View->render('templates/header', [], true)
 4 APPPATH\Controllers\Reportes.php(44): view('templates/header', [...])
 5 SYSTEMPATH\CodeIgniter.php(896): App\Controllers\Reportes->reporteActivos()
 6 SYSTEMPATH\CodeIgniter.php(466): CodeIgniter\CodeIgniter->runController(Object(App\Controllers\Reportes))
 7 SYSTEMPATH\CodeIgniter.php(349): CodeIgniter\CodeIgniter->handleRequest(null, Object(Config\Cache), false)
 8 FCPATH\index.php(55): CodeIgniter\CodeIgniter->run()
CRITICAL - 2022-11-18 00:26:01 --> Call to undefined method CodeIgniter\HTTP\URI::segment()
in APPPATH\Views\templates\header.php on line 104.
 1 SYSTEMPATH\View\View.php(213): include()
 2 SYSTEMPATH\View\View.php(216): CodeIgniter\View\View->CodeIgniter\View\{closure}()
 3 SYSTEMPATH\Common.php(1135): CodeIgniter\View\View->render('templates/header', [], true)
 4 APPPATH\Controllers\Reportes.php(45): view('templates/header', [...])
 5 SYSTEMPATH\CodeIgniter.php(896): App\Controllers\Reportes->reporteActivos()
 6 SYSTEMPATH\CodeIgniter.php(466): CodeIgniter\CodeIgniter->runController(Object(App\Controllers\Reportes))
 7 SYSTEMPATH\CodeIgniter.php(349): CodeIgniter\CodeIgniter->handleRequest(null, Object(Config\Cache), false)
 8 FCPATH\index.php(55): CodeIgniter\CodeIgniter->run()
CRITICAL - 2022-11-18 00:26:49 --> Undefined variable $uri
in APPPATH\Views\templates\header.php on line 104.
 1 APPPATH\Views\templates\header.php(104): CodeIgniter\Debug\Exceptions->errorHandler(2, 'Undefined variable $uri', 'APPPATH\\Views\\templates\\header.php', 104)
 2 SYSTEMPATH\View\View.php(213): include('APPPATH\\Views\\templates\\header.php')
 3 SYSTEMPATH\View\View.php(216): CodeIgniter\View\View->CodeIgniter\View\{closure}()
 4 SYSTEMPATH\Common.php(1135): CodeIgniter\View\View->render('templates/header', [], true)
 5 APPPATH\Controllers\Asignacion.php(43): view('templates/header', [...])
 6 SYSTEMPATH\CodeIgniter.php(896): App\Controllers\Asignacion->index()
 7 SYSTEMPATH\CodeIgniter.php(466): CodeIgniter\CodeIgniter->runController(Object(App\Controllers\Asignacion))
 8 SYSTEMPATH\CodeIgniter.php(349): CodeIgniter\CodeIgniter->handleRequest(null, Object(Config\Cache), false)
 9 FCPATH\index.php(55): CodeIgniter\CodeIgniter->run()
CRITICAL - 2022-11-18 00:35:09 --> Undefined variable $uri
in APPPATH\Views\templates\header.php on line 99.
 1 APPPATH\Views\templates\header.php(99): CodeIgniter\Debug\Exceptions->errorHandler(2, 'Undefined variable $uri', 'APPPATH\\Views\\templates\\header.php', 99)
 2 SYSTEMPATH\View\View.php(213): include('APPPATH\\Views\\templates\\header.php')
 3 SYSTEMPATH\View\View.php(216): CodeIgniter\View\View->CodeIgniter\View\{closure}()
 4 SYSTEMPATH\Common.php(1135): CodeIgniter\View\View->render('templates/header', [], true)
 5 APPPATH\Controllers\Permisos.php(34): view('templates/header', [...])
 6 SYSTEMPATH\CodeIgniter.php(896): App\Controllers\Permisos->index()
 7 SYSTEMPATH\CodeIgniter.php(466): CodeIgniter\CodeIgniter->runController(Object(App\Controllers\Permisos))
 8 SYSTEMPATH\CodeIgniter.php(349): CodeIgniter\CodeIgniter->handleRequest(null, Object(Config\Cache), false)
 9 FCPATH\index.php(55): CodeIgniter\CodeIgniter->run()
CRITICAL - 2022-11-18 11:09:17 --> Undefined variable $curp
in APPPATH\Controllers\Registrar.php on line 80.
 1 APPPATH\Controllers\Registrar.php(80): CodeIgniter\Debug\Exceptions->errorHandler(2, 'Undefined variable $curp', 'APPPATH\\Controllers\\Registrar.php', 80)
 2 SYSTEMPATH\CodeIgniter.php(896): App\Controllers\Registrar->registro()
 3 SYSTEMPATH\CodeIgniter.php(466): CodeIgniter\CodeIgniter->runController(Object(App\Controllers\Registrar))
 4 SYSTEMPATH\CodeIgniter.php(349): CodeIgniter\CodeIgniter->handleRequest(null, Object(Config\Cache), false)
 5 FCPATH\index.php(55): CodeIgniter\CodeIgniter->run()
CRITICAL - 2022-11-18 11:10:57 --> Undefined variable $curp
in APPPATH\Controllers\Registrar.php on line 80.
 1 APPPATH\Controllers\Registrar.php(80): CodeIgniter\Debug\Exceptions->errorHandler(2, 'Undefined variable $curp', 'APPPATH\\Controllers\\Registrar.php', 80)
 2 SYSTEMPATH\CodeIgniter.php(896): App\Controllers\Registrar->registro()
 3 SYSTEMPATH\CodeIgniter.php(466): CodeIgniter\CodeIgniter->runController(Object(App\Controllers\Registrar))
 4 SYSTEMPATH\CodeIgniter.php(349): CodeIgniter\CodeIgniter->handleRequest(null, Object(Config\Cache), false)
 5 FCPATH\index.php(55): CodeIgniter\CodeIgniter->run()
CRITICAL - 2022-11-18 12:15:08 --> Trying to access array offset on value of type null
in APPPATH\Controllers\Registrar.php on line 173.
 1 APPPATH\Controllers\Registrar.php(173): CodeIgniter\Debug\Exceptions->errorHandler(2, 'Trying to access array offset on value of type null', 'APPPATH\\Controllers\\Registrar.php', 173)
 2 APPPATH\Controllers\Registrar.php(83): App\Controllers\Registrar->enviarCorreo('16240691@leon.tecnm.mx', 'http://localhost/ResidenciasSaray/public/completarRegistro/42/9e3616527e7892e460dac274d82d56583ffdcf5c')
 3 SYSTEMPATH\CodeIgniter.php(896): App\Controllers\Registrar->registro()
 4 SYSTEMPATH\CodeIgniter.php(466): CodeIgniter\CodeIgniter->runController(Object(App\Controllers\Registrar))
 5 SYSTEMPATH\CodeIgniter.php(349): CodeIgniter\CodeIgniter->handleRequest(null, Object(Config\Cache), false)
 6 FCPATH\index.php(55): CodeIgniter\CodeIgniter->run()
CRITICAL - 2022-11-18 12:20:45 --> Trying to access array offset on value of type null
in APPPATH\Controllers\Registrar.php on line 174.
 1 APPPATH\Controllers\Registrar.php(174): CodeIgniter\Debug\Exceptions->errorHandler(2, 'Trying to access array offset on value of type null', 'APPPATH\\Controllers\\Registrar.php', 174)
 2 APPPATH\Controllers\Registrar.php(83): App\Controllers\Registrar->enviarCorreo('16240691@leon.tecnm.mx', 'http://localhost/ResidenciasSaray/public/completarRegistro/43/f826db6a6573fcaabdd3b31b046e5a527609464f')
 3 SYSTEMPATH\CodeIgniter.php(896): App\Controllers\Registrar->registro()
 4 SYSTEMPATH\CodeIgniter.php(466): CodeIgniter\CodeIgniter->runController(Object(App\Controllers\Registrar))
 5 SYSTEMPATH\CodeIgniter.php(349): CodeIgniter\CodeIgniter->handleRequest(null, Object(Config\Cache), false)
 6 FCPATH\index.php(55): CodeIgniter\CodeIgniter->run()
CRITICAL - 2022-11-18 12:22:10 --> Trying to access array offset on value of type null
in APPPATH\Controllers\Registrar.php on line 174.
 1 APPPATH\Controllers\Registrar.php(174): CodeIgniter\Debug\Exceptions->errorHandler(2, 'Trying to access array offset on value of type null', 'APPPATH\\Controllers\\Registrar.php', 174)
 2 APPPATH\Controllers\Registrar.php(83): App\Controllers\Registrar->enviarCorreo('16240691@leon.tecnm.mx', 'http://localhost/ResidenciasSaray/public/completarRegistro/44/9684c410fab377e41cae24bac61c9b778e7c877d')
 3 SYSTEMPATH\CodeIgniter.php(896): App\Controllers\Registrar->registro()
 4 SYSTEMPATH\CodeIgniter.php(466): CodeIgniter\CodeIgniter->runController(Object(App\Controllers\Registrar))
 5 SYSTEMPATH\CodeIgniter.php(349): CodeIgniter\CodeIgniter->handleRequest(null, Object(Config\Cache), false)
 6 FCPATH\index.php(55): CodeIgniter\CodeIgniter->run()
CRITICAL - 2022-11-18 12:26:44 --> Trying to access array offset on value of type null
in APPPATH\Controllers\Registrar.php on line 173.
 1 APPPATH\Controllers\Registrar.php(173): CodeIgniter\Debug\Exceptions->errorHandler(2, 'Trying to access array offset on value of type null', 'APPPATH\\Controllers\\Registrar.php', 173)
 2 APPPATH\Controllers\Registrar.php(83): App\Controllers\Registrar->enviarCorreo('16240691@leon.tecnm.mx', 'http://localhost/ResidenciasSaray/public/completarRegistro/45/acda231c86ec93496669ec9316a79cc629c43537')
 3 SYSTEMPATH\CodeIgniter.php(896): App\Controllers\Registrar->registro()
 4 SYSTEMPATH\CodeIgniter.php(466): CodeIgniter\CodeIgniter->runController(Object(App\Controllers\Registrar))
 5 SYSTEMPATH\CodeIgniter.php(349): CodeIgniter\CodeIgniter->handleRequest(null, Object(Config\Cache), false)
 6 FCPATH\index.php(55): CodeIgniter\CodeIgniter->run()
CRITICAL - 2022-11-18 12:28:28 --> Undefined variable $correo
in APPPATH\Controllers\Registrar.php on line 83.
 1 APPPATH\Controllers\Registrar.php(83): CodeIgniter\Debug\Exceptions->errorHandler(2, 'Undefined variable $correo', 'APPPATH\\Controllers\\Registrar.php', 83)
 2 SYSTEMPATH\CodeIgniter.php(896): App\Controllers\Registrar->registro()
 3 SYSTEMPATH\CodeIgniter.php(466): CodeIgniter\CodeIgniter->runController(Object(App\Controllers\Registrar))
 4 SYSTEMPATH\CodeIgniter.php(349): CodeIgniter\CodeIgniter->handleRequest(null, Object(Config\Cache), false)
 5 FCPATH\index.php(55): CodeIgniter\CodeIgniter->run()
CRITICAL - 2022-11-18 12:29:47 --> Trying to access array offset on value of type null
in APPPATH\Controllers\Registrar.php on line 174.
 1 APPPATH\Controllers\Registrar.php(174): CodeIgniter\Debug\Exceptions->errorHandler(2, 'Trying to access array offset on value of type null', 'APPPATH\\Controllers\\Registrar.php', 174)
 2 APPPATH\Controllers\Registrar.php(83): App\Controllers\Registrar->enviarCorreo('16240691@leon.tecnm.mx', 'link')
 3 SYSTEMPATH\CodeIgniter.php(896): App\Controllers\Registrar->registro()
 4 SYSTEMPATH\CodeIgniter.php(466): CodeIgniter\CodeIgniter->runController(Object(App\Controllers\Registrar))
 5 SYSTEMPATH\CodeIgniter.php(349): CodeIgniter\CodeIgniter->handleRequest(null, Object(Config\Cache), false)
 6 FCPATH\index.php(55): CodeIgniter\CodeIgniter->run()
CRITICAL - 2022-11-18 12:34:58 --> Trying to access array offset on value of type null
in APPPATH\Controllers\Registrar.php on line 173.
 1 APPPATH\Controllers\Registrar.php(173): CodeIgniter\Debug\Exceptions->errorHandler(2, 'Trying to access array offset on value of type null', 'APPPATH\\Controllers\\Registrar.php', 173)
 2 APPPATH\Controllers\Registrar.php(83): App\Controllers\Registrar->enviarCorreo('16240691@leon.tecnm.mx', 'link')
 3 SYSTEMPATH\CodeIgniter.php(896): App\Controllers\Registrar->registro()
 4 SYSTEMPATH\CodeIgniter.php(466): CodeIgniter\CodeIgniter->runController(Object(App\Controllers\Registrar))
 5 SYSTEMPATH\CodeIgniter.php(349): CodeIgniter\CodeIgniter->handleRequest(null, Object(Config\Cache), false)
 6 FCPATH\index.php(55): CodeIgniter\CodeIgniter->run()
CRITICAL - 2022-11-18 12:37:51 --> Undefined variable $data
in APPPATH\Controllers\Registrar.php on line 94.
 1 APPPATH\Controllers\Registrar.php(94): CodeIgniter\Debug\Exceptions->errorHandler(2, 'Undefined variable $data', 'APPPATH\\Controllers\\Registrar.php', 94)
 2 SYSTEMPATH\CodeIgniter.php(896): App\Controllers\Registrar->registro()
 3 SYSTEMPATH\CodeIgniter.php(466): CodeIgniter\CodeIgniter->runController(Object(App\Controllers\Registrar))
 4 SYSTEMPATH\CodeIgniter.php(349): CodeIgniter\CodeIgniter->handleRequest(null, Object(Config\Cache), false)
 5 FCPATH\index.php(55): CodeIgniter\CodeIgniter->run()
CRITICAL - 2022-11-18 12:44:50 --> Trying to access array offset on value of type null
in APPPATH\Controllers\Registrar.php on line 139.
 1 APPPATH\Controllers\Registrar.php(139): CodeIgniter\Debug\Exceptions->errorHandler(2, 'Trying to access array offset on value of type null', 'APPPATH\\Controllers\\Registrar.php', 139)
 2 SYSTEMPATH\CodeIgniter.php(896): App\Controllers\Registrar->obtenerNombres()
 3 SYSTEMPATH\CodeIgniter.php(466): CodeIgniter\CodeIgniter->runController(Object(App\Controllers\Registrar))
 4 SYSTEMPATH\CodeIgniter.php(349): CodeIgniter\CodeIgniter->handleRequest(null, Object(Config\Cache), false)
 5 FCPATH\index.php(55): CodeIgniter\CodeIgniter->run()
ERROR - 2022-11-18 12:52:24 --> Column 'usuarioAsignado' cannot be null
CRITICAL - 2022-11-18 12:52:24 --> Column 'usuarioAsignado' cannot be null
in SYSTEMPATH\Database\MySQLi\Connection.php on line 292.
 1 SYSTEMPATH\Database\MySQLi\Connection.php(292): mysqli->query('INSERT INTO `asignacion` (`usuarioAsigna`, `usuarioAsignado`, `idActivo`, `observaciones`, `fechaAsignacion`) VALUES (\'47\', NULL, \'104\', \'\', \'2022-11-18 12:52:24\')', 0)
 2 SYSTEMPATH\Database\BaseConnection.php(695): CodeIgniter\Database\MySQLi\Connection->execute('INSERT INTO `asignacion` (`usuarioAsigna`, `usuarioAsignado`, `idActivo`, `observaciones`, `fechaAsignacion`) VALUES (\'47\', NULL, \'104\', \'\', \'2022-11-18 12:52:24\')')
 3 SYSTEMPATH\Database\BaseConnection.php(609): CodeIgniter\Database\BaseConnection->simpleQuery('INSERT INTO `asignacion` (`usuarioAsigna`, `usuarioAsignado`, `idActivo`, `observaciones`, `fechaAsignacion`) VALUES (\'47\', NULL, \'104\', \'\', \'2022-11-18 12:52:24\')')
 4 SYSTEMPATH\Database\BaseBuilder.php(1904): CodeIgniter\Database\BaseConnection->query('INSERT INTO `asignacion` (`usuarioAsigna`, `usuarioAsignado`, `idActivo`, `observaciones`, `fechaAsignacion`) VALUES (:usuarioAsigna:, :usuarioAsignado:, :idActivo:, :observaciones:, :fechaAsignacion:)', [...], false)
 5 SYSTEMPATH\Model.php(278): CodeIgniter\Database\BaseBuilder->insert()
 6 SYSTEMPATH\BaseModel.php(738): CodeIgniter\Model->doInsert([...])
 7 SYSTEMPATH\Model.php(666): CodeIgniter\BaseModel->insert([...], false)
 8 SYSTEMPATH\BaseModel.php(658): CodeIgniter\Model->insert([...], false)
 9 APPPATH\Controllers\Asignacion.php(253): CodeIgniter\BaseModel->save([...])
10 SYSTEMPATH\CodeIgniter.php(896): App\Controllers\Asignacion->createActivo()
11 SYSTEMPATH\CodeIgniter.php(466): CodeIgniter\CodeIgniter->runController(Object(App\Controllers\Asignacion))
12 SYSTEMPATH\CodeIgniter.php(349): CodeIgniter\CodeIgniter->handleRequest(null, Object(Config\Cache), false)
13 FCPATH\index.php(55): CodeIgniter\CodeIgniter->run()
ERROR - 2022-11-18 12:53:53 --> Column 'usuarioAsignado' cannot be null
CRITICAL - 2022-11-18 12:53:53 --> Column 'usuarioAsignado' cannot be null
in SYSTEMPATH\Database\MySQLi\Connection.php on line 292.
 1 SYSTEMPATH\Database\MySQLi\Connection.php(292): mysqli->query('INSERT INTO `asignacion` (`usuarioAsigna`, `usuarioAsignado`, `idActivo`, `observaciones`, `fechaAsignacion`) VALUES (\'47\', NULL, \'104\', \'\', \'2022-11-18 12:53:53\')', 0)
 2 SYSTEMPATH\Database\BaseConnection.php(695): CodeIgniter\Database\MySQLi\Connection->execute('INSERT INTO `asignacion` (`usuarioAsigna`, `usuarioAsignado`, `idActivo`, `observaciones`, `fechaAsignacion`) VALUES (\'47\', NULL, \'104\', \'\', \'2022-11-18 12:53:53\')')
 3 SYSTEMPATH\Database\BaseConnection.php(609): CodeIgniter\Database\BaseConnection->simpleQuery('INSERT INTO `asignacion` (`usuarioAsigna`, `usuarioAsignado`, `idActivo`, `observaciones`, `fechaAsignacion`) VALUES (\'47\', NULL, \'104\', \'\', \'2022-11-18 12:53:53\')')
 4 SYSTEMPATH\Database\BaseBuilder.php(1904): CodeIgniter\Database\BaseConnection->query('INSERT INTO `asignacion` (`usuarioAsigna`, `usuarioAsignado`, `idActivo`, `observaciones`, `fechaAsignacion`) VALUES (:usuarioAsigna:, :usuarioAsignado:, :idActivo:, :observaciones:, :fechaAsignacion:)', [...], false)
 5 SYSTEMPATH\Model.php(278): CodeIgniter\Database\BaseBuilder->insert()
 6 SYSTEMPATH\BaseModel.php(738): CodeIgniter\Model->doInsert([...])
 7 SYSTEMPATH\Model.php(666): CodeIgniter\BaseModel->insert([...], false)
 8 SYSTEMPATH\BaseModel.php(658): CodeIgniter\Model->insert([...], false)
 9 APPPATH\Controllers\Asignacion.php(253): CodeIgniter\BaseModel->save([...])
10 SYSTEMPATH\CodeIgniter.php(896): App\Controllers\Asignacion->createActivo()
11 SYSTEMPATH\CodeIgniter.php(466): CodeIgniter\CodeIgniter->runController(Object(App\Controllers\Asignacion))
12 SYSTEMPATH\CodeIgniter.php(349): CodeIgniter\CodeIgniter->handleRequest(null, Object(Config\Cache), false)
13 FCPATH\index.php(55): CodeIgniter\CodeIgniter->run()
