CRITICAL - 2022-10-18 12:01:50 --> Call to undefined method App\Controllers\Accesorios::accesoriosModel()
in APPPATH\Controllers\Accesorios.php on line 20.
 1 SYSTEMPATH\CodeIgniter.php(896): App\Controllers\Accesorios->create()
 2 SYSTEMPATH\CodeIgniter.php(466): CodeIgniter\CodeIgniter->runController(Object(App\Controllers\Accesorios))
 3 SYSTEMPATH\CodeIgniter.php(349): CodeIgniter\CodeIgniter->handleRequest(null, Object(Config\Cache), false)
 4 FCPATH\index.php(55): CodeIgniter\CodeIgniter->run()
CRITICAL - 2022-10-18 12:06:56 --> Undefined variable $accesorios
in APPPATH\Controllers\Accesorios.php on line 26.
 1 APPPATH\Controllers\Accesorios.php(26): CodeIgniter\Debug\Exceptions->errorHandler(2, 'Undefined variable $accesorios', 'APPPATH\\Controllers\\Accesorios.php', 26)
 2 SYSTEMPATH\CodeIgniter.php(896): App\Controllers\Accesorios->create()
 3 SYSTEMPATH\CodeIgniter.php(466): CodeIgniter\CodeIgniter->runController(Object(App\Controllers\Accesorios))
 4 SYSTEMPATH\CodeIgniter.php(349): CodeIgniter\CodeIgniter->handleRequest(null, Object(Config\Cache), false)
 5 FCPATH\index.php(55): CodeIgniter\CodeIgniter->run()
CRITICAL - 2022-10-18 12:07:21 --> count(): Argument #1 ($value) must be of type Countable|array, null given
in APPPATH\Controllers\Accesorios.php on line 23.
 1 APPPATH\Controllers\Accesorios.php(23): count(null)
 2 SYSTEMPATH\CodeIgniter.php(896): App\Controllers\Accesorios->create()
 3 SYSTEMPATH\CodeIgniter.php(466): CodeIgniter\CodeIgniter->runController(Object(App\Controllers\Accesorios))
 4 SYSTEMPATH\CodeIgniter.php(349): CodeIgniter\CodeIgniter->handleRequest(null, Object(Config\Cache), false)
 5 FCPATH\index.php(55): CodeIgniter\CodeIgniter->run()
CRITICAL - 2022-10-18 12:21:01 --> syntax error, unexpected token ";", expecting "]"
in APPPATH\Controllers\Accesorios.php on line 21.
 1 SYSTEMPATH\Autoloader\Autoloader.php(261): CodeIgniter\Autoloader\Autoloader->includeFile('APPPATH\\Controllers\\Accesorios.php')
 2 SYSTEMPATH\Autoloader\Autoloader.php(239): CodeIgniter\Autoloader\Autoloader->loadInNamespace('App\\Controllers\\Accesorios')
 3 [internal function]: CodeIgniter\Autoloader\Autoloader->loadClass('App\\Controllers\\Accesorios')
 4 SYSTEMPATH\CodeIgniter.php(846): class_exists('\\App\\Controllers\\Accesorios', true)
 5 SYSTEMPATH\CodeIgniter.php(453): CodeIgniter\CodeIgniter->startController()
 6 SYSTEMPATH\CodeIgniter.php(349): CodeIgniter\CodeIgniter->handleRequest(null, Object(Config\Cache), false)
 7 FCPATH\index.php(55): CodeIgniter\CodeIgniter->run()
CRITICAL - 2022-10-18 12:21:37 --> Undefined variable $nombre
in APPPATH\Controllers\Accesorios.php on line 24.
 1 APPPATH\Controllers\Accesorios.php(24): CodeIgniter\Debug\Exceptions->errorHandler(2, 'Undefined variable $nombre', 'APPPATH\\Controllers\\Accesorios.php', 24)
 2 SYSTEMPATH\CodeIgniter.php(896): App\Controllers\Accesorios->create()
 3 SYSTEMPATH\CodeIgniter.php(466): CodeIgniter\CodeIgniter->runController(Object(App\Controllers\Accesorios))
 4 SYSTEMPATH\CodeIgniter.php(349): CodeIgniter\CodeIgniter->handleRequest(null, Object(Config\Cache), false)
 5 FCPATH\index.php(55): CodeIgniter\CodeIgniter->run()
CRITICAL - 2022-10-18 12:22:06 --> Undefined variable $accesorios
in APPPATH\Controllers\Accesorios.php on line 24.
 1 APPPATH\Controllers\Accesorios.php(24): CodeIgniter\Debug\Exceptions->errorHandler(2, 'Undefined variable $accesorios', 'APPPATH\\Controllers\\Accesorios.php', 24)
 2 SYSTEMPATH\CodeIgniter.php(896): App\Controllers\Accesorios->create()
 3 SYSTEMPATH\CodeIgniter.php(466): CodeIgniter\CodeIgniter->runController(Object(App\Controllers\Accesorios))
 4 SYSTEMPATH\CodeIgniter.php(349): CodeIgniter\CodeIgniter->handleRequest(null, Object(Config\Cache), false)
 5 FCPATH\index.php(55): CodeIgniter\CodeIgniter->run()
CRITICAL - 2022-10-18 12:50:17 --> Undefined variable $tipo
in APPPATH\Views\mostrarActivos.php on line 7.
 1 APPPATH\Views\mostrarActivos.php(7): CodeIgniter\Debug\Exceptions->errorHandler(2, 'Undefined variable $tipo', 'APPPATH\\Views\\mostrarActivos.php', 7)
 2 SYSTEMPATH\View\View.php(213): include('APPPATH\\Views\\mostrarActivos.php')
 3 SYSTEMPATH\View\View.php(216): CodeIgniter\View\View->CodeIgniter\View\{closure}()
 4 SYSTEMPATH\Common.php(1135): CodeIgniter\View\View->render('mostrarActivos', [], true)
 5 APPPATH\Controllers\Activos.php(62): view('mostrarActivos', [...])
 6 SYSTEMPATH\CodeIgniter.php(896): App\Controllers\Activos->salidaDeActivos()
 7 SYSTEMPATH\CodeIgniter.php(466): CodeIgniter\CodeIgniter->runController(Object(App\Controllers\Activos))
 8 SYSTEMPATH\CodeIgniter.php(349): CodeIgniter\CodeIgniter->handleRequest(null, Object(Config\Cache), false)
 9 FCPATH\index.php(55): CodeIgniter\CodeIgniter->run()
CRITICAL - 2022-10-18 12:50:46 --> Undefined variable $tipo
in APPPATH\Views\mostrarActivos.php on line 7.
 1 APPPATH\Views\mostrarActivos.php(7): CodeIgniter\Debug\Exceptions->errorHandler(2, 'Undefined variable $tipo', 'APPPATH\\Views\\mostrarActivos.php', 7)
 2 SYSTEMPATH\View\View.php(213): include('APPPATH\\Views\\mostrarActivos.php')
 3 SYSTEMPATH\View\View.php(216): CodeIgniter\View\View->CodeIgniter\View\{closure}()
 4 SYSTEMPATH\Common.php(1135): CodeIgniter\View\View->render('mostrarActivos', [], true)
 5 APPPATH\Controllers\Activos.php(62): view('mostrarActivos', [...])
 6 SYSTEMPATH\CodeIgniter.php(896): App\Controllers\Activos->salidaDeActivos()
 7 SYSTEMPATH\CodeIgniter.php(466): CodeIgniter\CodeIgniter->runController(Object(App\Controllers\Activos))
 8 SYSTEMPATH\CodeIgniter.php(349): CodeIgniter\CodeIgniter->handleRequest(null, Object(Config\Cache), false)
 9 FCPATH\index.php(55): CodeIgniter\CodeIgniter->run()
CRITICAL - 2022-10-18 12:50:54 --> Undefined variable $tipo
in APPPATH\Views\mostrarActivos.php on line 7.
 1 APPPATH\Views\mostrarActivos.php(7): CodeIgniter\Debug\Exceptions->errorHandler(2, 'Undefined variable $tipo', 'APPPATH\\Views\\mostrarActivos.php', 7)
 2 SYSTEMPATH\View\View.php(213): include('APPPATH\\Views\\mostrarActivos.php')
 3 SYSTEMPATH\View\View.php(216): CodeIgniter\View\View->CodeIgniter\View\{closure}()
 4 SYSTEMPATH\Common.php(1135): CodeIgniter\View\View->render('mostrarActivos', [], true)
 5 APPPATH\Controllers\Activos.php(62): view('mostrarActivos', [...])
 6 SYSTEMPATH\CodeIgniter.php(896): App\Controllers\Activos->salidaDeActivos()
 7 SYSTEMPATH\CodeIgniter.php(466): CodeIgniter\CodeIgniter->runController(Object(App\Controllers\Activos))
 8 SYSTEMPATH\CodeIgniter.php(349): CodeIgniter\CodeIgniter->handleRequest(null, Object(Config\Cache), false)
 9 FCPATH\index.php(55): CodeIgniter\CodeIgniter->run()
CRITICAL - 2022-10-18 13:04:54 --> Undefined property: App\Controllers\Reportes::$session
in APPPATH\Controllers\Reportes.php on line 12.
 1 APPPATH\Controllers\Reportes.php(12): CodeIgniter\Debug\Exceptions->errorHandler(2, 'Undefined property: App\\Controllers\\Reportes::$session', 'APPPATH\\Controllers\\Reportes.php', 12)
 2 SYSTEMPATH\CodeIgniter.php(896): App\Controllers\Reportes->reporteActivos()
 3 SYSTEMPATH\CodeIgniter.php(466): CodeIgniter\CodeIgniter->runController(Object(App\Controllers\Reportes))
 4 SYSTEMPATH\CodeIgniter.php(349): CodeIgniter\CodeIgniter->handleRequest(null, Object(Config\Cache), false)
 5 FCPATH\index.php(55): CodeIgniter\CodeIgniter->run()
CRITICAL - 2022-10-18 13:05:13 --> Undefined property: App\Controllers\Reportes::$permisoModel
in APPPATH\Controllers\Reportes.php on line 19.
 1 APPPATH\Controllers\Reportes.php(19): CodeIgniter\Debug\Exceptions->errorHandler(2, 'Undefined property: App\\Controllers\\Reportes::$permisoModel', 'APPPATH\\Controllers\\Reportes.php', 19)
 2 SYSTEMPATH\CodeIgniter.php(896): App\Controllers\Reportes->reporteActivos()
 3 SYSTEMPATH\CodeIgniter.php(466): CodeIgniter\CodeIgniter->runController(Object(App\Controllers\Reportes))
 4 SYSTEMPATH\CodeIgniter.php(349): CodeIgniter\CodeIgniter->handleRequest(null, Object(Config\Cache), false)
 5 FCPATH\index.php(55): CodeIgniter\CodeIgniter->run()
ERROR - 2022-10-18 13:31:14 --> Cannot delete or update a parent row: a foreign key constraint fails (`testbd`.`activo`, CONSTRAINT `FK_ActivoAsignado` FOREIGN KEY (`idAsignacion`) REFERENCES `asignacion` (`idAsignacion`))
CRITICAL - 2022-10-18 13:31:14 --> Cannot delete or update a parent row: a foreign key constraint fails (`testbd`.`activo`, CONSTRAINT `FK_ActivoAsignado` FOREIGN KEY (`idAsignacion`) REFERENCES `asignacion` (`idAsignacion`))
in SYSTEMPATH\Database\MySQLi\Connection.php on line 292.
 1 SYSTEMPATH\Database\MySQLi\Connection.php(292): mysqli->query('DELETE FROM `asignacion`
WHERE `idActivo` = \'3\'', 0)
 2 SYSTEMPATH\Database\BaseConnection.php(695): CodeIgniter\Database\MySQLi\Connection->execute('DELETE FROM `asignacion`
WHERE `idActivo` = \'3\'')
 3 SYSTEMPATH\Database\BaseConnection.php(609): CodeIgniter\Database\BaseConnection->simpleQuery('DELETE FROM `asignacion`
WHERE `idActivo` = \'3\'')
 4 SYSTEMPATH\Database\BaseBuilder.php(2358): CodeIgniter\Database\BaseConnection->query('DELETE FROM `asignacion`
WHERE `idActivo` = :idActivo:', [...], false)
 5 SYSTEMPATH\Model.php(400): CodeIgniter\Database\BaseBuilder->delete()
 6 SYSTEMPATH\BaseModel.php(963): CodeIgniter\Model->doDelete(null, false)
 7 APPPATH\Controllers\Activos.php(206): CodeIgniter\BaseModel->delete()
 8 SYSTEMPATH\CodeIgniter.php(896): App\Controllers\Activos->delete()
 9 SYSTEMPATH\CodeIgniter.php(466): CodeIgniter\CodeIgniter->runController(Object(App\Controllers\Activos))
10 SYSTEMPATH\CodeIgniter.php(349): CodeIgniter\CodeIgniter->handleRequest(null, Object(Config\Cache), false)
11 FCPATH\index.php(55): CodeIgniter\CodeIgniter->run()
ERROR - 2022-10-18 13:33:14 --> Cannot delete or update a parent row: a foreign key constraint fails (`testbd`.`activo`, CONSTRAINT `FK_ActivoAsignado` FOREIGN KEY (`idAsignacion`) REFERENCES `asignacion` (`idAsignacion`))
CRITICAL - 2022-10-18 13:33:14 --> Cannot delete or update a parent row: a foreign key constraint fails (`testbd`.`activo`, CONSTRAINT `FK_ActivoAsignado` FOREIGN KEY (`idAsignacion`) REFERENCES `asignacion` (`idAsignacion`))
in SYSTEMPATH\Database\MySQLi\Connection.php on line 292.
 1 SYSTEMPATH\Database\MySQLi\Connection.php(292): mysqli->query('DELETE FROM `asignacion`
WHERE `idActivo` = \'3\'', 0)
 2 SYSTEMPATH\Database\BaseConnection.php(695): CodeIgniter\Database\MySQLi\Connection->execute('DELETE FROM `asignacion`
WHERE `idActivo` = \'3\'')
 3 SYSTEMPATH\Database\BaseConnection.php(609): CodeIgniter\Database\BaseConnection->simpleQuery('DELETE FROM `asignacion`
WHERE `idActivo` = \'3\'')
 4 SYSTEMPATH\Database\BaseBuilder.php(2358): CodeIgniter\Database\BaseConnection->query('DELETE FROM `asignacion`
WHERE `idActivo` = :idActivo:', [...], false)
 5 SYSTEMPATH\Model.php(400): CodeIgniter\Database\BaseBuilder->delete()
 6 SYSTEMPATH\BaseModel.php(963): CodeIgniter\Model->doDelete(null, false)
 7 APPPATH\Controllers\Activos.php(207): CodeIgniter\BaseModel->delete()
 8 SYSTEMPATH\CodeIgniter.php(896): App\Controllers\Activos->delete()
 9 SYSTEMPATH\CodeIgniter.php(466): CodeIgniter\CodeIgniter->runController(Object(App\Controllers\Activos))
10 SYSTEMPATH\CodeIgniter.php(349): CodeIgniter\CodeIgniter->handleRequest(null, Object(Config\Cache), false)
11 FCPATH\index.php(55): CodeIgniter\CodeIgniter->run()
CRITICAL - 2022-10-18 14:14:35 --> require(vendor/autoload.php): Failed to open stream: No such file or directory
in APPPATH\Controllers\Reportes.php on line 6.
 1 APPPATH\Controllers\Reportes.php(6): CodeIgniter\Debug\Exceptions->errorHandler(2, 'require(vendor/autoload.php): Failed to open stream: No such file or directory', 'APPPATH\\Controllers\\Reportes.php', 6)
 2 APPPATH\Controllers\Reportes.php(6): require()
 3 SYSTEMPATH\Autoloader\Autoloader.php(284): include_once('APPPATH\\Controllers\\Reportes.php')
 4 SYSTEMPATH\Autoloader\Autoloader.php(261): CodeIgniter\Autoloader\Autoloader->includeFile('APPPATH\\Controllers\\Reportes.php')
 5 SYSTEMPATH\Autoloader\Autoloader.php(239): CodeIgniter\Autoloader\Autoloader->loadInNamespace('App\\Controllers\\Reportes')
 6 [internal function]: CodeIgniter\Autoloader\Autoloader->loadClass('App\\Controllers\\Reportes')
 7 SYSTEMPATH\CodeIgniter.php(846): class_exists('\\App\\Controllers\\Reportes', true)
 8 SYSTEMPATH\CodeIgniter.php(453): CodeIgniter\CodeIgniter->startController()
 9 SYSTEMPATH\CodeIgniter.php(349): CodeIgniter\CodeIgniter->handleRequest(null, Object(Config\Cache), false)
10 FCPATH\index.php(55): CodeIgniter\CodeIgniter->run()
CRITICAL - 2022-10-18 14:46:01 --> File not found: world.xlsx
in SYSTEMPATH\Files\File.php on line 46.
 1 SYSTEMPATH\Files\File.php(46): CodeIgniter\Files\Exceptions\FileNotFoundException::forFileNotFound('world.xlsx')
 2 SYSTEMPATH\HTTP\DownloadResponse.php(97): CodeIgniter\Files\File->__construct('world.xlsx', true)
 3 SYSTEMPATH\HTTP\ResponseTrait.php(779): CodeIgniter\HTTP\DownloadResponse->setFilePath('world.xlsx')
 4 APPPATH\Controllers\Reportes.php(44): CodeIgniter\HTTP\Response->download('world.xlsx', null)
 5 SYSTEMPATH\CodeIgniter.php(896): App\Controllers\Reportes->generarReporteActivos()
 6 SYSTEMPATH\CodeIgniter.php(466): CodeIgniter\CodeIgniter->runController(Object(App\Controllers\Reportes))
 7 SYSTEMPATH\CodeIgniter.php(349): CodeIgniter\CodeIgniter->handleRequest(null, Object(Config\Cache), false)
 8 FCPATH\index.php(55): CodeIgniter\CodeIgniter->run()
CRITICAL - 2022-10-18 14:49:46 --> syntax error, unexpected token "echo"
in APPPATH\Controllers\Reportes.php on line 48.
 1 SYSTEMPATH\Autoloader\Autoloader.php(261): CodeIgniter\Autoloader\Autoloader->includeFile('APPPATH\\Controllers\\Reportes.php')
 2 SYSTEMPATH\Autoloader\Autoloader.php(239): CodeIgniter\Autoloader\Autoloader->loadInNamespace('App\\Controllers\\Reportes')
 3 [internal function]: CodeIgniter\Autoloader\Autoloader->loadClass('App\\Controllers\\Reportes')
 4 SYSTEMPATH\CodeIgniter.php(846): class_exists('\\App\\Controllers\\Reportes', true)
 5 SYSTEMPATH\CodeIgniter.php(453): CodeIgniter\CodeIgniter->startController()
 6 SYSTEMPATH\CodeIgniter.php(349): CodeIgniter\CodeIgniter->handleRequest(null, Object(Config\Cache), false)
 7 FCPATH\index.php(55): CodeIgniter\CodeIgniter->run()
CRITICAL - 2022-10-18 14:49:56 --> syntax error, unexpected token "echo"
in APPPATH\Controllers\Reportes.php on line 48.
 1 SYSTEMPATH\Autoloader\Autoloader.php(261): CodeIgniter\Autoloader\Autoloader->includeFile('APPPATH\\Controllers\\Reportes.php')
 2 SYSTEMPATH\Autoloader\Autoloader.php(239): CodeIgniter\Autoloader\Autoloader->loadInNamespace('App\\Controllers\\Reportes')
 3 [internal function]: CodeIgniter\Autoloader\Autoloader->loadClass('App\\Controllers\\Reportes')
 4 SYSTEMPATH\CodeIgniter.php(846): class_exists('\\App\\Controllers\\Reportes', true)
 5 SYSTEMPATH\CodeIgniter.php(453): CodeIgniter\CodeIgniter->startController()
 6 SYSTEMPATH\CodeIgniter.php(349): CodeIgniter\CodeIgniter->handleRequest(null, Object(Config\Cache), false)
 7 FCPATH\index.php(55): CodeIgniter\CodeIgniter->run()
CRITICAL - 2022-10-18 14:50:00 --> syntax error, unexpected token "echo"
in APPPATH\Controllers\Reportes.php on line 48.
 1 SYSTEMPATH\Autoloader\Autoloader.php(261): CodeIgniter\Autoloader\Autoloader->includeFile('APPPATH\\Controllers\\Reportes.php')
 2 SYSTEMPATH\Autoloader\Autoloader.php(239): CodeIgniter\Autoloader\Autoloader->loadInNamespace('App\\Controllers\\Reportes')
 3 [internal function]: CodeIgniter\Autoloader\Autoloader->loadClass('App\\Controllers\\Reportes')
 4 SYSTEMPATH\CodeIgniter.php(846): class_exists('\\App\\Controllers\\Reportes', true)
 5 SYSTEMPATH\CodeIgniter.php(453): CodeIgniter\CodeIgniter->startController()
 6 SYSTEMPATH\CodeIgniter.php(349): CodeIgniter\CodeIgniter->handleRequest(null, Object(Config\Cache), false)
 7 FCPATH\index.php(55): CodeIgniter\CodeIgniter->run()
CRITICAL - 2022-10-18 15:08:12 --> File http://localhost/ResidenciasSaray/public/resources/img/logo-gto.png does not exist
in VENDORPATH\phpoffice\phpspreadsheet\src\PhpSpreadsheet\Writer\Xlsx\ContentTypes.php on line 225.
 1 VENDORPATH\phpoffice\phpspreadsheet\src\PhpSpreadsheet\Writer\Xlsx\ContentTypes.php(136): PhpOffice\PhpSpreadsheet\Writer\Xlsx\ContentTypes->getImageMimeType('http://localhost/ResidenciasSaray/public/resources/img/logo-gto.png')
 2 VENDORPATH\phpoffice\phpspreadsheet\src\PhpSpreadsheet\Writer\Xlsx.php(333): PhpOffice\PhpSpreadsheet\Writer\Xlsx\ContentTypes->writeContentTypes(Object(PhpOffice\PhpSpreadsheet\Spreadsheet), false)
 3 APPPATH\Controllers\Reportes.php(68): PhpOffice\PhpSpreadsheet\Writer\Xlsx->save('FCPATH\\hello world.xlsx')
 4 SYSTEMPATH\CodeIgniter.php(896): App\Controllers\Reportes->generarReporteActivos()
 5 SYSTEMPATH\CodeIgniter.php(466): CodeIgniter\CodeIgniter->runController(Object(App\Controllers\Reportes))
 6 SYSTEMPATH\CodeIgniter.php(349): CodeIgniter\CodeIgniter->handleRequest(null, Object(Config\Cache), false)
 7 FCPATH\index.php(55): CodeIgniter\CodeIgniter->run()
CRITICAL - 2022-10-18 15:10:49 --> Call to undefined method PhpOffice\PhpSpreadsheet\Worksheet\Drawing::setImageResource()
in APPPATH\Controllers\Reportes.php on line 58.
 1 SYSTEMPATH\CodeIgniter.php(896): App\Controllers\Reportes->generarReporteActivos()
 2 SYSTEMPATH\CodeIgniter.php(466): CodeIgniter\CodeIgniter->runController(Object(App\Controllers\Reportes))
 3 SYSTEMPATH\CodeIgniter.php(349): CodeIgniter\CodeIgniter->handleRequest(null, Object(Config\Cache), false)
 4 FCPATH\index.php(55): CodeIgniter\CodeIgniter->run()
CRITICAL - 2022-10-18 15:18:09 --> Undefined variable $nombreDelDocumento
in APPPATH\Controllers\Reportes.php on line 68.
 1 APPPATH\Controllers\Reportes.php(68): CodeIgniter\Debug\Exceptions->errorHandler(2, 'Undefined variable $nombreDelDocumento', 'APPPATH\\Controllers\\Reportes.php', 68)
 2 SYSTEMPATH\CodeIgniter.php(896): App\Controllers\Reportes->generarReporteActivos()
 3 SYSTEMPATH\CodeIgniter.php(466): CodeIgniter\CodeIgniter->runController(Object(App\Controllers\Reportes))
 4 SYSTEMPATH\CodeIgniter.php(349): CodeIgniter\CodeIgniter->handleRequest(null, Object(Config\Cache), false)
 5 FCPATH\index.php(55): CodeIgniter\CodeIgniter->run()
CRITICAL - 2022-10-18 15:18:10 --> Undefined variable $nombreDelDocumento
in APPPATH\Controllers\Reportes.php on line 68.
 1 APPPATH\Controllers\Reportes.php(68): CodeIgniter\Debug\Exceptions->errorHandler(2, 'Undefined variable $nombreDelDocumento', 'APPPATH\\Controllers\\Reportes.php', 68)
 2 SYSTEMPATH\CodeIgniter.php(896): App\Controllers\Reportes->generarReporteActivos()
 3 SYSTEMPATH\CodeIgniter.php(466): CodeIgniter\CodeIgniter->runController(Object(App\Controllers\Reportes))
 4 SYSTEMPATH\CodeIgniter.php(349): CodeIgniter\CodeIgniter->handleRequest(null, Object(Config\Cache), false)
 5 FCPATH\index.php(55): CodeIgniter\CodeIgniter->run()
CRITICAL - 2022-10-18 15:18:39 --> Class "App\Controllers\IOFactory" not found
in APPPATH\Controllers\Reportes.php on line 71.
 1 SYSTEMPATH\CodeIgniter.php(896): App\Controllers\Reportes->generarReporteActivos()
 2 SYSTEMPATH\CodeIgniter.php(466): CodeIgniter\CodeIgniter->runController(Object(App\Controllers\Reportes))
 3 SYSTEMPATH\CodeIgniter.php(349): CodeIgniter\CodeIgniter->handleRequest(null, Object(Config\Cache), false)
 4 FCPATH\index.php(55): CodeIgniter\CodeIgniter->run()
CRITICAL - 2022-10-18 15:18:40 --> Class "App\Controllers\IOFactory" not found
in APPPATH\Controllers\Reportes.php on line 71.
 1 SYSTEMPATH\CodeIgniter.php(896): App\Controllers\Reportes->generarReporteActivos()
 2 SYSTEMPATH\CodeIgniter.php(466): CodeIgniter\CodeIgniter->runController(Object(App\Controllers\Reportes))
 3 SYSTEMPATH\CodeIgniter.php(349): CodeIgniter\CodeIgniter->handleRequest(null, Object(Config\Cache), false)
 4 FCPATH\index.php(55): CodeIgniter\CodeIgniter->run()
CRITICAL - 2022-10-18 15:18:51 --> Class "App\Controllers\IOFactory" not found
in APPPATH\Controllers\Reportes.php on line 71.
 1 SYSTEMPATH\CodeIgniter.php(896): App\Controllers\Reportes->generarReporteActivos()
 2 SYSTEMPATH\CodeIgniter.php(466): CodeIgniter\CodeIgniter->runController(Object(App\Controllers\Reportes))
 3 SYSTEMPATH\CodeIgniter.php(349): CodeIgniter\CodeIgniter->handleRequest(null, Object(Config\Cache), false)
 4 FCPATH\index.php(55): CodeIgniter\CodeIgniter->run()
CRITICAL - 2022-10-18 15:18:54 --> Class "App\Controllers\IOFactory" not found
in APPPATH\Controllers\Reportes.php on line 71.
 1 SYSTEMPATH\CodeIgniter.php(896): App\Controllers\Reportes->generarReporteActivos()
 2 SYSTEMPATH\CodeIgniter.php(466): CodeIgniter\CodeIgniter->runController(Object(App\Controllers\Reportes))
 3 SYSTEMPATH\CodeIgniter.php(349): CodeIgniter\CodeIgniter->handleRequest(null, Object(Config\Cache), false)
 4 FCPATH\index.php(55): CodeIgniter\CodeIgniter->run()
CRITICAL - 2022-10-18 15:19:01 --> Class "App\Controllers\IOFactory" not found
in APPPATH\Controllers\Reportes.php on line 71.
 1 SYSTEMPATH\CodeIgniter.php(896): App\Controllers\Reportes->generarReporteActivos()
 2 SYSTEMPATH\CodeIgniter.php(466): CodeIgniter\CodeIgniter->runController(Object(App\Controllers\Reportes))
 3 SYSTEMPATH\CodeIgniter.php(349): CodeIgniter\CodeIgniter->handleRequest(null, Object(Config\Cache), false)
 4 FCPATH\index.php(55): CodeIgniter\CodeIgniter->run()
CRITICAL - 2022-10-18 15:20:07 --> Class "App\Controllers\IOFactory" not found
in APPPATH\Controllers\Reportes.php on line 79.
 1 SYSTEMPATH\CodeIgniter.php(896): App\Controllers\Reportes->generarReporteActivos()
 2 SYSTEMPATH\CodeIgniter.php(466): CodeIgniter\CodeIgniter->runController(Object(App\Controllers\Reportes))
 3 SYSTEMPATH\CodeIgniter.php(349): CodeIgniter\CodeIgniter->handleRequest(null, Object(Config\Cache), false)
 4 FCPATH\index.php(55): CodeIgniter\CodeIgniter->run()
CRITICAL - 2022-10-18 15:20:11 --> Class "App\Controllers\IOFactory" not found
in APPPATH\Controllers\Reportes.php on line 79.
 1 SYSTEMPATH\CodeIgniter.php(896): App\Controllers\Reportes->generarReporteActivos()
 2 SYSTEMPATH\CodeIgniter.php(466): CodeIgniter\CodeIgniter->runController(Object(App\Controllers\Reportes))
 3 SYSTEMPATH\CodeIgniter.php(349): CodeIgniter\CodeIgniter->handleRequest(null, Object(Config\Cache), false)
 4 FCPATH\index.php(55): CodeIgniter\CodeIgniter->run()
CRITICAL - 2022-10-18 15:20:18 --> Class "App\Controllers\IOFactory" not found
in APPPATH\Controllers\Reportes.php on line 79.
 1 SYSTEMPATH\CodeIgniter.php(896): App\Controllers\Reportes->generarReporteActivos()
 2 SYSTEMPATH\CodeIgniter.php(466): CodeIgniter\CodeIgniter->runController(Object(App\Controllers\Reportes))
 3 SYSTEMPATH\CodeIgniter.php(349): CodeIgniter\CodeIgniter->handleRequest(null, Object(Config\Cache), false)
 4 FCPATH\index.php(55): CodeIgniter\CodeIgniter->run()
CRITICAL - 2022-10-18 15:23:48 --> Undefined variable $documento
in APPPATH\Controllers\Reportes.php on line 80.
 1 APPPATH\Controllers\Reportes.php(80): CodeIgniter\Debug\Exceptions->errorHandler(2, 'Undefined variable $documento', 'APPPATH\\Controllers\\Reportes.php', 80)
 2 SYSTEMPATH\CodeIgniter.php(896): App\Controllers\Reportes->generarReporteActivos()
 3 SYSTEMPATH\CodeIgniter.php(466): CodeIgniter\CodeIgniter->runController(Object(App\Controllers\Reportes))
 4 SYSTEMPATH\CodeIgniter.php(349): CodeIgniter\CodeIgniter->handleRequest(null, Object(Config\Cache), false)
 5 FCPATH\index.php(55): CodeIgniter\CodeIgniter->run()
CRITICAL - 2022-10-18 15:23:51 --> Undefined variable $documento
in APPPATH\Controllers\Reportes.php on line 80.
 1 APPPATH\Controllers\Reportes.php(80): CodeIgniter\Debug\Exceptions->errorHandler(2, 'Undefined variable $documento', 'APPPATH\\Controllers\\Reportes.php', 80)
 2 SYSTEMPATH\CodeIgniter.php(896): App\Controllers\Reportes->generarReporteActivos()
 3 SYSTEMPATH\CodeIgniter.php(466): CodeIgniter\CodeIgniter->runController(Object(App\Controllers\Reportes))
 4 SYSTEMPATH\CodeIgniter.php(349): CodeIgniter\CodeIgniter->handleRequest(null, Object(Config\Cache), false)
 5 FCPATH\index.php(55): CodeIgniter\CodeIgniter->run()
CRITICAL - 2022-10-18 15:23:58 --> Undefined variable $documento
in APPPATH\Controllers\Reportes.php on line 80.
 1 APPPATH\Controllers\Reportes.php(80): CodeIgniter\Debug\Exceptions->errorHandler(2, 'Undefined variable $documento', 'APPPATH\\Controllers\\Reportes.php', 80)
 2 SYSTEMPATH\CodeIgniter.php(896): App\Controllers\Reportes->generarReporteActivos()
 3 SYSTEMPATH\CodeIgniter.php(466): CodeIgniter\CodeIgniter->runController(Object(App\Controllers\Reportes))
 4 SYSTEMPATH\CodeIgniter.php(349): CodeIgniter\CodeIgniter->handleRequest(null, Object(Config\Cache), false)
 5 FCPATH\index.php(55): CodeIgniter\CodeIgniter->run()
CRITICAL - 2022-10-18 15:49:27 --> File "http://localhost/ResidenciasSaray/public/resources/templates/templateActivos.xlsx" does not exist.
in VENDORPATH\phpoffice\phpspreadsheet\src\PhpSpreadsheet\Shared\File.php on line 149.
 1 VENDORPATH\phpoffice\phpspreadsheet\src\PhpSpreadsheet\Reader\Xlsx.php(408): PhpOffice\PhpSpreadsheet\Shared\File::assertFile('http://localhost/ResidenciasSaray/public/resources/templates/templateActivos.xlsx', '_rels/.rels')
 2 VENDORPATH\phpoffice\phpspreadsheet\src\PhpSpreadsheet\Reader\BaseReader.php(166): PhpOffice\PhpSpreadsheet\Reader\Xlsx->loadSpreadsheetFromFile('http://localhost/ResidenciasSaray/public/resources/templates/templateActivos.xlsx')
 3 APPPATH\Controllers\Reportes.php(54): PhpOffice\PhpSpreadsheet\Reader\BaseReader->load('http://localhost/ResidenciasSaray/public/resources/templates/templateActivos.xlsx')
 4 SYSTEMPATH\CodeIgniter.php(896): App\Controllers\Reportes->generarReporteActivos()
 5 SYSTEMPATH\CodeIgniter.php(466): CodeIgniter\CodeIgniter->runController(Object(App\Controllers\Reportes))
 6 SYSTEMPATH\CodeIgniter.php(349): CodeIgniter\CodeIgniter->handleRequest(null, Object(Config\Cache), false)
 7 FCPATH\index.php(55): CodeIgniter\CodeIgniter->run()
