CRITICAL - 2022-10-26 11:00:01 --> Undefined variable $accesorio
in APPPATH\Views\asignarAccesorio.php on line 10.
 1 APPPATH\Views\asignarAccesorio.php(10): CodeIgniter\Debug\Exceptions->errorHandler(2, 'Undefined variable $accesorio', 'APPPATH\\Views\\asignarAccesorio.php', 10)
 2 SYSTEMPATH\View\View.php(213): include('APPPATH\\Views\\asignarAccesorio.php')
 3 SYSTEMPATH\View\View.php(216): CodeIgniter\View\View->CodeIgniter\View\{closure}()
 4 SYSTEMPATH\Common.php(1135): CodeIgniter\View\View->render('asignarAccesorio', [], true)
 5 APPPATH\Controllers\Asignacion.php(100): view('asignarAccesorio', [...])
 6 SYSTEMPATH\CodeIgniter.php(896): App\Controllers\Asignacion->asignacionAccesorio('1')
 7 SYSTEMPATH\CodeIgniter.php(466): CodeIgniter\CodeIgniter->runController(Object(App\Controllers\Asignacion))
 8 SYSTEMPATH\CodeIgniter.php(349): CodeIgniter\CodeIgniter->handleRequest(null, Object(Config\Cache), false)
 9 FCPATH\index.php(55): CodeIgniter\CodeIgniter->run()
CRITICAL - 2022-10-26 11:16:46 --> Undefined variable $accesorio
in APPPATH\Views\asignarAccesorio.php on line 10.
 1 APPPATH\Views\asignarAccesorio.php(10): CodeIgniter\Debug\Exceptions->errorHandler(2, 'Undefined variable $accesorio', 'APPPATH\\Views\\asignarAccesorio.php', 10)
 2 SYSTEMPATH\View\View.php(213): include('APPPATH\\Views\\asignarAccesorio.php')
 3 SYSTEMPATH\View\View.php(216): CodeIgniter\View\View->CodeIgniter\View\{closure}()
 4 SYSTEMPATH\Common.php(1135): CodeIgniter\View\View->render('asignarAccesorio', [], true)
 5 APPPATH\Controllers\Asignacion.php(100): view('asignarAccesorio', [...])
 6 SYSTEMPATH\CodeIgniter.php(896): App\Controllers\Asignacion->asignacionAccesorio('2')
 7 SYSTEMPATH\CodeIgniter.php(466): CodeIgniter\CodeIgniter->runController(Object(App\Controllers\Asignacion))
 8 SYSTEMPATH\CodeIgniter.php(349): CodeIgniter\CodeIgniter->handleRequest(null, Object(Config\Cache), false)
 9 FCPATH\index.php(55): CodeIgniter\CodeIgniter->run()
