CRITICAL - 2022-09-20 10:15:16 --> Undefined variable $idUsuario
in APPPATH\Controllers\Registrar.php on line 112.
 1 APPPATH\Controllers\Registrar.php(112): CodeIgniter\Debug\Exceptions->errorHandler(2, 'Undefined variable $idUsuario', 'APPPATH\\Controllers\\Registrar.php', 112)
 2 APPPATH\Controllers\Registrar.php(79): App\Controllers\Registrar->generarLinkTemporal('MAFA971218HDFNNS05')
 3 SYSTEMPATH\CodeIgniter.php(896): App\Controllers\Registrar->registro()
 4 SYSTEMPATH\CodeIgniter.php(466): CodeIgniter\CodeIgniter->runController(Object(App\Controllers\Registrar))
 5 SYSTEMPATH\CodeIgniter.php(349): CodeIgniter\CodeIgniter->handleRequest(null, Object(Config\Cache), false)
 6 FCPATH\index.php(55): CodeIgniter\CodeIgniter->run()
CRITICAL - 2022-09-20 10:17:21 --> Undefined variable $idUsuario
in APPPATH\Controllers\Registrar.php on line 112.
 1 APPPATH\Controllers\Registrar.php(112): CodeIgniter\Debug\Exceptions->errorHandler(2, 'Undefined variable $idUsuario', 'APPPATH\\Controllers\\Registrar.php', 112)
 2 APPPATH\Controllers\Registrar.php(79): App\Controllers\Registrar->generarLinkTemporal('MAFA971218HDFNNS05')
 3 SYSTEMPATH\CodeIgniter.php(896): App\Controllers\Registrar->registro()
 4 SYSTEMPATH\CodeIgniter.php(466): CodeIgniter\CodeIgniter->runController(Object(App\Controllers\Registrar))
 5 SYSTEMPATH\CodeIgniter.php(349): CodeIgniter\CodeIgniter->handleRequest(null, Object(Config\Cache), false)
 6 FCPATH\index.php(55): CodeIgniter\CodeIgniter->run()
CRITICAL - 2022-09-20 10:26:54 --> CodeIgniter\Validation\Rules::is_unique(): Argument #1 ($str) must be of type ?string, array given, called in C:\xampp\htdocs\ResidenciasSaray\system\Validation\Validation.php on line 306
in SYSTEMPATH\Validation\Rules.php on line 126.
 1 SYSTEMPATH\Validation\Validation.php(306): CodeIgniter\Validation\Rules->is_unique([...], 'linkpassword.idUsuario', [...], null)
 2 SYSTEMPATH\Validation\Validation.php(173): CodeIgniter\Validation\Validation->processRules('idUsuario', 'idUsuario', [...], [...], [...])
 3 SYSTEMPATH\BaseModel.php(1349): CodeIgniter\Validation\Validation->run([...], null, null)
 4 SYSTEMPATH\BaseModel.php(707): CodeIgniter\BaseModel->validate([...])
 5 SYSTEMPATH\Model.php(666): CodeIgniter\BaseModel->insert([...], false)
 6 SYSTEMPATH\BaseModel.php(658): CodeIgniter\Model->insert([...], false)
 7 APPPATH\Controllers\Registrar.php(119): CodeIgniter\BaseModel->save([...])
 8 APPPATH\Controllers\Registrar.php(79): App\Controllers\Registrar->generarLinkTemporal('MAFA971218HDFNNS05')
 9 SYSTEMPATH\CodeIgniter.php(896): App\Controllers\Registrar->registro()
10 SYSTEMPATH\CodeIgniter.php(466): CodeIgniter\CodeIgniter->runController(Object(App\Controllers\Registrar))
11 SYSTEMPATH\CodeIgniter.php(349): CodeIgniter\CodeIgniter->handleRequest(null, Object(Config\Cache), false)
12 FCPATH\index.php(55): CodeIgniter\CodeIgniter->run()
CRITICAL - 2022-09-20 10:27:39 --> CodeIgniter\Validation\Rules::is_unique(): Argument #1 ($str) must be of type ?string, array given, called in C:\xampp\htdocs\ResidenciasSaray\system\Validation\Validation.php on line 306
in SYSTEMPATH\Validation\Rules.php on line 126.
 1 SYSTEMPATH\Validation\Validation.php(306): CodeIgniter\Validation\Rules->is_unique([...], 'linkpassword.idUsuario', [...], null)
 2 SYSTEMPATH\Validation\Validation.php(173): CodeIgniter\Validation\Validation->processRules('idUsuario', 'idUsuario', [...], [...], [...])
 3 SYSTEMPATH\BaseModel.php(1349): CodeIgniter\Validation\Validation->run([...], null, null)
 4 SYSTEMPATH\BaseModel.php(707): CodeIgniter\BaseModel->validate([...])
 5 SYSTEMPATH\Model.php(666): CodeIgniter\BaseModel->insert([...], false)
 6 SYSTEMPATH\BaseModel.php(658): CodeIgniter\Model->insert([...], false)
 7 APPPATH\Controllers\Registrar.php(119): CodeIgniter\BaseModel->save([...])
 8 APPPATH\Controllers\Registrar.php(79): App\Controllers\Registrar->generarLinkTemporal('MAFA971218HDFNNS05')
 9 SYSTEMPATH\CodeIgniter.php(896): App\Controllers\Registrar->registro()
10 SYSTEMPATH\CodeIgniter.php(466): CodeIgniter\CodeIgniter->runController(Object(App\Controllers\Registrar))
11 SYSTEMPATH\CodeIgniter.php(349): CodeIgniter\CodeIgniter->handleRequest(null, Object(Config\Cache), false)
12 FCPATH\index.php(55): CodeIgniter\CodeIgniter->run()
CRITICAL - 2022-09-20 10:30:51 --> Undefined array key "idUsuario"
in APPPATH\Controllers\Registrar.php on line 115.
 1 APPPATH\Controllers\Registrar.php(115): CodeIgniter\Debug\Exceptions->errorHandler(2, 'Undefined array key "idUsuario"', 'APPPATH\\Controllers\\Registrar.php', 115)
 2 APPPATH\Controllers\Registrar.php(79): App\Controllers\Registrar->generarLinkTemporal('MAFA971218HDFNNS05')
 3 SYSTEMPATH\CodeIgniter.php(896): App\Controllers\Registrar->registro()
 4 SYSTEMPATH\CodeIgniter.php(466): CodeIgniter\CodeIgniter->runController(Object(App\Controllers\Registrar))
 5 SYSTEMPATH\CodeIgniter.php(349): CodeIgniter\CodeIgniter->handleRequest(null, Object(Config\Cache), false)
 6 FCPATH\index.php(55): CodeIgniter\CodeIgniter->run()
CRITICAL - 2022-09-20 10:32:29 --> Undefined variable $idUsuario
in APPPATH\Controllers\Registrar.php on line 113.
 1 APPPATH\Controllers\Registrar.php(113): CodeIgniter\Debug\Exceptions->errorHandler(2, 'Undefined variable $idUsuario', 'APPPATH\\Controllers\\Registrar.php', 113)
 2 APPPATH\Controllers\Registrar.php(79): App\Controllers\Registrar->generarLinkTemporal('MAFA971218HDFNNS05')
 3 SYSTEMPATH\CodeIgniter.php(896): App\Controllers\Registrar->registro()
 4 SYSTEMPATH\CodeIgniter.php(466): CodeIgniter\CodeIgniter->runController(Object(App\Controllers\Registrar))
 5 SYSTEMPATH\CodeIgniter.php(349): CodeIgniter\CodeIgniter->handleRequest(null, Object(Config\Cache), false)
 6 FCPATH\index.php(55): CodeIgniter\CodeIgniter->run()
CRITICAL - 2022-09-20 10:33:36 --> Undefined variable $idUsuario
in APPPATH\Controllers\Registrar.php on line 113.
 1 APPPATH\Controllers\Registrar.php(113): CodeIgniter\Debug\Exceptions->errorHandler(2, 'Undefined variable $idUsuario', 'APPPATH\\Controllers\\Registrar.php', 113)
 2 APPPATH\Controllers\Registrar.php(79): App\Controllers\Registrar->generarLinkTemporal('MAFA971218HDFNNS05')
 3 SYSTEMPATH\CodeIgniter.php(896): App\Controllers\Registrar->registro()
 4 SYSTEMPATH\CodeIgniter.php(466): CodeIgniter\CodeIgniter->runController(Object(App\Controllers\Registrar))
 5 SYSTEMPATH\CodeIgniter.php(349): CodeIgniter\CodeIgniter->handleRequest(null, Object(Config\Cache), false)
 6 FCPATH\index.php(55): CodeIgniter\CodeIgniter->run()
CRITICAL - 2022-09-20 10:34:08 --> CodeIgniter\Validation\Rules::is_unique(): Argument #1 ($str) must be of type ?string, array given, called in C:\xampp\htdocs\ResidenciasSaray\system\Validation\Validation.php on line 306
in SYSTEMPATH\Validation\Rules.php on line 126.
 1 SYSTEMPATH\Validation\Validation.php(306): CodeIgniter\Validation\Rules->is_unique([...], 'linkpassword.idUsuario', [...], null)
 2 SYSTEMPATH\Validation\Validation.php(173): CodeIgniter\Validation\Validation->processRules('idUsuario', 'idUsuario', [...], [...], [...])
 3 SYSTEMPATH\BaseModel.php(1349): CodeIgniter\Validation\Validation->run([...], null, null)
 4 SYSTEMPATH\BaseModel.php(707): CodeIgniter\BaseModel->validate([...])
 5 SYSTEMPATH\Model.php(666): CodeIgniter\BaseModel->insert([...], false)
 6 SYSTEMPATH\BaseModel.php(658): CodeIgniter\Model->insert([...], false)
 7 APPPATH\Controllers\Registrar.php(119): CodeIgniter\BaseModel->save([...])
 8 APPPATH\Controllers\Registrar.php(79): App\Controllers\Registrar->generarLinkTemporal('MAFA971218HDFNNS05')
 9 SYSTEMPATH\CodeIgniter.php(896): App\Controllers\Registrar->registro()
10 SYSTEMPATH\CodeIgniter.php(466): CodeIgniter\CodeIgniter->runController(Object(App\Controllers\Registrar))
11 SYSTEMPATH\CodeIgniter.php(349): CodeIgniter\CodeIgniter->handleRequest(null, Object(Config\Cache), false)
12 FCPATH\index.php(55): CodeIgniter\CodeIgniter->run()
CRITICAL - 2022-09-20 10:34:50 --> CodeIgniter\Validation\Rules::is_unique(): Argument #1 ($str) must be of type ?string, array given, called in C:\xampp\htdocs\ResidenciasSaray\system\Validation\Validation.php on line 306
in SYSTEMPATH\Validation\Rules.php on line 126.
 1 SYSTEMPATH\Validation\Validation.php(306): CodeIgniter\Validation\Rules->is_unique([...], 'linkpassword.idUsuario', [...], null)
 2 SYSTEMPATH\Validation\Validation.php(173): CodeIgniter\Validation\Validation->processRules('idUsuario', 'idUsuario', [...], [...], [...])
 3 SYSTEMPATH\BaseModel.php(1349): CodeIgniter\Validation\Validation->run([...], null, null)
 4 SYSTEMPATH\BaseModel.php(707): CodeIgniter\BaseModel->validate([...])
 5 SYSTEMPATH\Model.php(666): CodeIgniter\BaseModel->insert([...], false)
 6 SYSTEMPATH\BaseModel.php(658): CodeIgniter\Model->insert([...], false)
 7 APPPATH\Controllers\Registrar.php(119): CodeIgniter\BaseModel->save([...])
 8 APPPATH\Controllers\Registrar.php(79): App\Controllers\Registrar->generarLinkTemporal('MAFA971218HDFNNS05')
 9 SYSTEMPATH\CodeIgniter.php(896): App\Controllers\Registrar->registro()
10 SYSTEMPATH\CodeIgniter.php(466): CodeIgniter\CodeIgniter->runController(Object(App\Controllers\Registrar))
11 SYSTEMPATH\CodeIgniter.php(349): CodeIgniter\CodeIgniter->handleRequest(null, Object(Config\Cache), false)
12 FCPATH\index.php(55): CodeIgniter\CodeIgniter->run()
CRITICAL - 2022-09-20 10:36:00 --> Undefined variable $datos
in APPPATH\Controllers\Registrar.php on line 48.
 1 APPPATH\Controllers\Registrar.php(48): CodeIgniter\Debug\Exceptions->errorHandler(2, 'Undefined variable $datos', 'APPPATH\\Controllers\\Registrar.php', 48)
 2 SYSTEMPATH\CodeIgniter.php(896): App\Controllers\Registrar->guardarContraseña()
 3 SYSTEMPATH\CodeIgniter.php(466): CodeIgniter\CodeIgniter->runController(Object(App\Controllers\Registrar))
 4 SYSTEMPATH\CodeIgniter.php(349): CodeIgniter\CodeIgniter->handleRequest(null, Object(Config\Cache), false)
 5 FCPATH\index.php(55): CodeIgniter\CodeIgniter->run()
CRITICAL - 2022-09-20 10:36:15 --> Undefined variable $datos
in APPPATH\Controllers\Registrar.php on line 48.
 1 APPPATH\Controllers\Registrar.php(48): CodeIgniter\Debug\Exceptions->errorHandler(2, 'Undefined variable $datos', 'APPPATH\\Controllers\\Registrar.php', 48)
 2 SYSTEMPATH\CodeIgniter.php(896): App\Controllers\Registrar->guardarContraseña()
 3 SYSTEMPATH\CodeIgniter.php(466): CodeIgniter\CodeIgniter->runController(Object(App\Controllers\Registrar))
 4 SYSTEMPATH\CodeIgniter.php(349): CodeIgniter\CodeIgniter->handleRequest(null, Object(Config\Cache), false)
 5 FCPATH\index.php(55): CodeIgniter\CodeIgniter->run()
CRITICAL - 2022-09-20 10:37:12 --> whereIn() expects $values to be of type array or closure
in SYSTEMPATH\Database\BaseBuilder.php on line 907.
 1 SYSTEMPATH\Database\BaseBuilder.php(789): CodeIgniter\Database\BaseBuilder->_whereIn('idUsuario', '38', false, 'AND ', null)
 2 SYSTEMPATH\Model.php(771): CodeIgniter\Database\BaseBuilder->whereIn('idUsuario', '38')
 3 APPPATH\Controllers\Registrar.php(52): CodeIgniter\Model->__call('whereIn', [...])
 4 SYSTEMPATH\CodeIgniter.php(896): App\Controllers\Registrar->guardarContraseña()
 5 SYSTEMPATH\CodeIgniter.php(466): CodeIgniter\CodeIgniter->runController(Object(App\Controllers\Registrar))
 6 SYSTEMPATH\CodeIgniter.php(349): CodeIgniter\CodeIgniter->handleRequest(null, Object(Config\Cache), false)
 7 FCPATH\index.php(55): CodeIgniter\CodeIgniter->run()
CRITICAL - 2022-09-20 10:55:58 --> syntax error, unexpected token "isset", expecting "("
in APPPATH\Views\formularioActivos.php on line 71.
 1 SYSTEMPATH\View\View.php(216): CodeIgniter\View\View->CodeIgniter\View\{closure}()
 2 SYSTEMPATH\Common.php(1135): CodeIgniter\View\View->render('formularioActivos', [], true)
 3 APPPATH\Controllers\Activos.php(70): view('formularioActivos', [...])
 4 SYSTEMPATH\CodeIgniter.php(896): App\Controllers\Activos->update('1')
 5 SYSTEMPATH\CodeIgniter.php(466): CodeIgniter\CodeIgniter->runController(Object(App\Controllers\Activos))
 6 SYSTEMPATH\CodeIgniter.php(349): CodeIgniter\CodeIgniter->handleRequest(null, Object(Config\Cache), false)
 7 FCPATH\index.php(55): CodeIgniter\CodeIgniter->run()
CRITICAL - 2022-09-20 10:56:18 --> syntax error, unexpected token "as", expecting ";"
in APPPATH\Views\formularioActivos.php on line 72.
 1 SYSTEMPATH\View\View.php(216): CodeIgniter\View\View->CodeIgniter\View\{closure}()
 2 SYSTEMPATH\Common.php(1135): CodeIgniter\View\View->render('formularioActivos', [], true)
 3 APPPATH\Controllers\Activos.php(70): view('formularioActivos', [...])
 4 SYSTEMPATH\CodeIgniter.php(896): App\Controllers\Activos->update('1')
 5 SYSTEMPATH\CodeIgniter.php(466): CodeIgniter\CodeIgniter->runController(Object(App\Controllers\Activos))
 6 SYSTEMPATH\CodeIgniter.php(349): CodeIgniter\CodeIgniter->handleRequest(null, Object(Config\Cache), false)
 7 FCPATH\index.php(55): CodeIgniter\CodeIgniter->run()
CRITICAL - 2022-09-20 10:56:31 --> syntax error, unexpected token "as", expecting ";"
in APPPATH\Views\formularioActivos.php on line 72.
 1 SYSTEMPATH\View\View.php(216): CodeIgniter\View\View->CodeIgniter\View\{closure}()
 2 SYSTEMPATH\Common.php(1135): CodeIgniter\View\View->render('formularioActivos', [], true)
 3 APPPATH\Controllers\Activos.php(70): view('formularioActivos', [...])
 4 SYSTEMPATH\CodeIgniter.php(896): App\Controllers\Activos->update('1')
 5 SYSTEMPATH\CodeIgniter.php(466): CodeIgniter\CodeIgniter->runController(Object(App\Controllers\Activos))
 6 SYSTEMPATH\CodeIgniter.php(349): CodeIgniter\CodeIgniter->handleRequest(null, Object(Config\Cache), false)
 7 FCPATH\index.php(55): CodeIgniter\CodeIgniter->run()
CRITICAL - 2022-09-20 10:56:53 --> syntax error, unexpected token ">", expecting ";"
in APPPATH\Views\formularioActivos.php on line 76.
 1 SYSTEMPATH\View\View.php(216): CodeIgniter\View\View->CodeIgniter\View\{closure}()
 2 SYSTEMPATH\Common.php(1135): CodeIgniter\View\View->render('formularioActivos', [], true)
 3 APPPATH\Controllers\Activos.php(70): view('formularioActivos', [...])
 4 SYSTEMPATH\CodeIgniter.php(896): App\Controllers\Activos->update('1')
 5 SYSTEMPATH\CodeIgniter.php(466): CodeIgniter\CodeIgniter->runController(Object(App\Controllers\Activos))
 6 SYSTEMPATH\CodeIgniter.php(349): CodeIgniter\CodeIgniter->handleRequest(null, Object(Config\Cache), false)
 7 FCPATH\index.php(55): CodeIgniter\CodeIgniter->run()
CRITICAL - 2022-09-20 11:51:40 --> syntax error, unexpected token ";", expecting ":"
in APPPATH\Views\mostrarActivos.php on line 30.
 1 SYSTEMPATH\View\View.php(216): CodeIgniter\View\View->CodeIgniter\View\{closure}()
 2 SYSTEMPATH\Common.php(1135): CodeIgniter\View\View->render('mostrarActivos', [], true)
 3 APPPATH\Controllers\Activos.php(31): view('mostrarActivos', [...])
 4 SYSTEMPATH\CodeIgniter.php(896): App\Controllers\Activos->entradaDeActivos()
 5 SYSTEMPATH\CodeIgniter.php(466): CodeIgniter\CodeIgniter->runController(Object(App\Controllers\Activos))
 6 SYSTEMPATH\CodeIgniter.php(349): CodeIgniter\CodeIgniter->handleRequest(null, Object(Config\Cache), false)
 7 FCPATH\index.php(55): CodeIgniter\CodeIgniter->run()
CRITICAL - 2022-09-20 11:59:49 --> syntax error, unexpected variable "$datos"
in APPPATH\Controllers\Activos.php on line 28.
 1 SYSTEMPATH\Autoloader\Autoloader.php(261): CodeIgniter\Autoloader\Autoloader->includeFile('APPPATH\\Controllers\\Activos.php')
 2 SYSTEMPATH\Autoloader\Autoloader.php(239): CodeIgniter\Autoloader\Autoloader->loadInNamespace('App\\Controllers\\Activos')
 3 [internal function]: CodeIgniter\Autoloader\Autoloader->loadClass('App\\Controllers\\Activos')
 4 SYSTEMPATH\CodeIgniter.php(846): class_exists('\\App\\Controllers\\Activos', true)
 5 SYSTEMPATH\CodeIgniter.php(453): CodeIgniter\CodeIgniter->startController()
 6 SYSTEMPATH\CodeIgniter.php(349): CodeIgniter\CodeIgniter->handleRequest(null, Object(Config\Cache), false)
 7 FCPATH\index.php(55): CodeIgniter\CodeIgniter->run()
CRITICAL - 2022-09-20 12:00:05 --> syntax error, unexpected token ";", expecting ")"
in APPPATH\Controllers\Activos.php on line 70.
 1 SYSTEMPATH\Autoloader\Autoloader.php(261): CodeIgniter\Autoloader\Autoloader->includeFile('APPPATH\\Controllers\\Activos.php')
 2 SYSTEMPATH\Autoloader\Autoloader.php(239): CodeIgniter\Autoloader\Autoloader->loadInNamespace('App\\Controllers\\Activos')
 3 [internal function]: CodeIgniter\Autoloader\Autoloader->loadClass('App\\Controllers\\Activos')
 4 SYSTEMPATH\CodeIgniter.php(846): class_exists('\\App\\Controllers\\Activos', true)
 5 SYSTEMPATH\CodeIgniter.php(453): CodeIgniter\CodeIgniter->startController()
 6 SYSTEMPATH\CodeIgniter.php(349): CodeIgniter\CodeIgniter->handleRequest(null, Object(Config\Cache), false)
 7 FCPATH\index.php(55): CodeIgniter\CodeIgniter->run()
CRITICAL - 2022-09-20 12:39:14 --> syntax error, unexpected token "->", expecting identifier or variable or "{" or "$"
in APPPATH\Controllers\Activos.php on line 100.
 1 SYSTEMPATH\Autoloader\Autoloader.php(261): CodeIgniter\Autoloader\Autoloader->includeFile('APPPATH\\Controllers\\Activos.php')
 2 SYSTEMPATH\Autoloader\Autoloader.php(239): CodeIgniter\Autoloader\Autoloader->loadInNamespace('App\\Controllers\\Activos')
 3 [internal function]: CodeIgniter\Autoloader\Autoloader->loadClass('App\\Controllers\\Activos')
 4 SYSTEMPATH\CodeIgniter.php(846): class_exists('\\App\\Controllers\\Activos', true)
 5 SYSTEMPATH\CodeIgniter.php(453): CodeIgniter\CodeIgniter->startController()
 6 SYSTEMPATH\CodeIgniter.php(349): CodeIgniter\CodeIgniter->handleRequest(null, Object(Config\Cache), false)
 7 FCPATH\index.php(55): CodeIgniter\CodeIgniter->run()
ERROR - 2022-09-20 12:42:17 --> You have an error in your SQL syntax; check the manual that corresponds to your MariaDB server version for the right syntax to use near '= 1 LIMIT 0,10' at line 1
CRITICAL - 2022-09-20 12:42:17 --> You have an error in your SQL syntax; check the manual that corresponds to your MariaDB server version for the right syntax to use near '= 1 LIMIT 0,10' at line 1
in SYSTEMPATH\Database\MySQLi\Connection.php on line 292.
 1 SYSTEMPATH\Database\MySQLi\Connection.php(292): mysqli->query('SELECT * FROM activo WHERE noActivo LIKE \'%%\' AND estado == 1 LIMIT 0,10', 0)
 2 SYSTEMPATH\Database\BaseConnection.php(695): CodeIgniter\Database\MySQLi\Connection->execute('SELECT * FROM activo WHERE noActivo LIKE \'%%\' AND estado == 1 LIMIT 0,10')
 3 SYSTEMPATH\Database\BaseConnection.php(609): CodeIgniter\Database\BaseConnection->simpleQuery('SELECT * FROM activo WHERE noActivo LIKE \'%%\' AND estado == 1 LIMIT 0,10')
 4 APPPATH\Models\CustomModel.php(52): CodeIgniter\Database\BaseConnection->query('SELECT * FROM activo WHERE noActivo LIKE ? AND estado == 1 LIMIT ?,?', [...])
 5 APPPATH\Controllers\Activos.php(68): App\Models\CustomModel->obtenerActivos('ROOTPATH\\public', 0, 10, '21')
 6 SYSTEMPATH\CodeIgniter.php(896): App\Controllers\Activos->read()
 7 SYSTEMPATH\CodeIgniter.php(466): CodeIgniter\CodeIgniter->runController(Object(App\Controllers\Activos))
 8 SYSTEMPATH\CodeIgniter.php(349): CodeIgniter\CodeIgniter->handleRequest(null, Object(Config\Cache), false)
 9 FCPATH\index.php(55): CodeIgniter\CodeIgniter->run()
CRITICAL - 2022-09-20 12:44:40 --> whereIn() expects $values to be of type array or closure
in SYSTEMPATH\Database\BaseBuilder.php on line 907.
 1 SYSTEMPATH\Database\BaseBuilder.php(789): CodeIgniter\Database\BaseBuilder->_whereIn('idActivo', '1', false, 'AND ', null)
 2 SYSTEMPATH\Model.php(771): CodeIgniter\Database\BaseBuilder->whereIn('idActivo', '1')
 3 APPPATH\Controllers\Activos.php(100): CodeIgniter\Model->__call('whereIn', [...])
 4 SYSTEMPATH\CodeIgniter.php(896): App\Controllers\Activos->delete()
 5 SYSTEMPATH\CodeIgniter.php(466): CodeIgniter\CodeIgniter->runController(Object(App\Controllers\Activos))
 6 SYSTEMPATH\CodeIgniter.php(349): CodeIgniter\CodeIgniter->handleRequest(null, Object(Config\Cache), false)
 7 FCPATH\index.php(55): CodeIgniter\CodeIgniter->run()
CRITICAL - 2022-09-20 12:45:00 --> Cannot use object of type CodeIgniter\Session\Session as array
in APPPATH\Controllers\Activos.php on line 100.
 1 SYSTEMPATH\CodeIgniter.php(896): App\Controllers\Activos->delete()
 2 SYSTEMPATH\CodeIgniter.php(466): CodeIgniter\CodeIgniter->runController(Object(App\Controllers\Activos))
 3 SYSTEMPATH\CodeIgniter.php(349): CodeIgniter\CodeIgniter->handleRequest(null, Object(Config\Cache), false)
 4 FCPATH\index.php(55): CodeIgniter\CodeIgniter->run()
ERROR - 2022-09-20 13:27:49 --> You have an error in your SQL syntax; check the manual that corresponds to your MariaDB server version for the right syntax to use near '? AND idUsuario != ?' at line 1
CRITICAL - 2022-09-20 13:27:49 --> You have an error in your SQL syntax; check the manual that corresponds to your MariaDB server version for the right syntax to use near '? AND idUsuario != ?' at line 1
in SYSTEMPATH\Database\MySQLi\Connection.php on line 292.
 1 SYSTEMPATH\Database\MySQLi\Connection.php(292): mysqli->query('SELECT idUsuario, curp, nombre, apellidoP, apellidoM FROM usuario WHERE nombre LIKE ? AND idUsuario != ?', 0)
 2 SYSTEMPATH\Database\BaseConnection.php(695): CodeIgniter\Database\MySQLi\Connection->execute('SELECT idUsuario, curp, nombre, apellidoP, apellidoM FROM usuario WHERE nombre LIKE ? AND idUsuario != ?')
 3 SYSTEMPATH\Database\BaseConnection.php(609): CodeIgniter\Database\BaseConnection->simpleQuery('SELECT idUsuario, curp, nombre, apellidoP, apellidoM FROM usuario WHERE nombre LIKE ? AND idUsuario != ?')
 4 APPPATH\Models\CustomModel.php(44): CodeIgniter\Database\BaseConnection->query('SELECT idUsuario, curp, nombre, apellidoP, apellidoM FROM usuario WHERE nombre LIKE ? AND idUsuario != ?', [...])
 5 APPPATH\Controllers\Permisos.php(46): App\Models\CustomModel->obtenerUsuario('ROOTPATH\\public')
 6 SYSTEMPATH\CodeIgniter.php(896): App\Controllers\Permisos->mostrar()
 7 SYSTEMPATH\CodeIgniter.php(466): CodeIgniter\CodeIgniter->runController(Object(App\Controllers\Permisos))
 8 SYSTEMPATH\CodeIgniter.php(349): CodeIgniter\CodeIgniter->handleRequest(null, Object(Config\Cache), false)
 9 FCPATH\index.php(55): CodeIgniter\CodeIgniter->run()
ERROR - 2022-09-20 13:28:11 --> You have an error in your SQL syntax; check the manual that corresponds to your MariaDB server version for the right syntax to use near '? AND idUsuario != ?' at line 1
CRITICAL - 2022-09-20 13:28:11 --> You have an error in your SQL syntax; check the manual that corresponds to your MariaDB server version for the right syntax to use near '? AND idUsuario != ?' at line 1
in SYSTEMPATH\Database\MySQLi\Connection.php on line 292.
 1 SYSTEMPATH\Database\MySQLi\Connection.php(292): mysqli->query('SELECT idUsuario, curp, nombre, apellidoP, apellidoM FROM usuario WHERE nombre LIKE ? AND idUsuario != ?', 0)
 2 SYSTEMPATH\Database\BaseConnection.php(695): CodeIgniter\Database\MySQLi\Connection->execute('SELECT idUsuario, curp, nombre, apellidoP, apellidoM FROM usuario WHERE nombre LIKE ? AND idUsuario != ?')
 3 SYSTEMPATH\Database\BaseConnection.php(609): CodeIgniter\Database\BaseConnection->simpleQuery('SELECT idUsuario, curp, nombre, apellidoP, apellidoM FROM usuario WHERE nombre LIKE ? AND idUsuario != ?')
 4 APPPATH\Models\CustomModel.php(44): CodeIgniter\Database\BaseConnection->query('SELECT idUsuario, curp, nombre, apellidoP, apellidoM FROM usuario WHERE nombre LIKE ? AND idUsuario != ?', [...])
 5 APPPATH\Controllers\Permisos.php(46): App\Models\CustomModel->obtenerUsuario('ROOTPATH\\public')
 6 SYSTEMPATH\CodeIgniter.php(896): App\Controllers\Permisos->mostrar()
 7 SYSTEMPATH\CodeIgniter.php(466): CodeIgniter\CodeIgniter->runController(Object(App\Controllers\Permisos))
 8 SYSTEMPATH\CodeIgniter.php(349): CodeIgniter\CodeIgniter->handleRequest(null, Object(Config\Cache), false)
 9 FCPATH\index.php(55): CodeIgniter\CodeIgniter->run()
