CRITICAL - 2022-08-08 10:46:38 --> Undefined variable $datos
in APPPATH\Views\contraseña.php on line 9.
 1 APPPATH\Views\contraseña.php(9): CodeIgniter\Debug\Exceptions->errorHandler(2, 'Undefined variable $datos', 'APPPATH\\Views\\contraseña.php', 9)
 2 SYSTEMPATH\View\View.php(213): include('APPPATH\\Views\\contraseña.php')
 3 SYSTEMPATH\View\View.php(216): CodeIgniter\View\View->CodeIgniter\View\{closure}()
 4 SYSTEMPATH\Common.php(1135): CodeIgniter\View\View->render('contraseña', [], true)
 5 APPPATH\Controllers\Registrar.php(26): view('contraseña', [...])
 6 SYSTEMPATH\CodeIgniter.php(896): App\Controllers\Registrar->completar('2', '130f22fc4ff4ca00fe57bf75c520e68a97c45c3e')
 7 SYSTEMPATH\CodeIgniter.php(466): CodeIgniter\CodeIgniter->runController(Object(App\Controllers\Registrar))
 8 SYSTEMPATH\CodeIgniter.php(349): CodeIgniter\CodeIgniter->handleRequest(null, Object(Config\Cache), false)
 9 FCPATH\index.php(55): CodeIgniter\CodeIgniter->run()
CRITICAL - 2022-08-08 10:46:48 --> syntax error, unexpected token "echo"
in APPPATH\Views\contraseña.php on line 9.
 1 SYSTEMPATH\View\View.php(216): CodeIgniter\View\View->CodeIgniter\View\{closure}()
 2 SYSTEMPATH\Common.php(1135): CodeIgniter\View\View->render('contraseña', [], true)
 3 APPPATH\Controllers\Registrar.php(26): view('contraseña', [...])
 4 SYSTEMPATH\CodeIgniter.php(896): App\Controllers\Registrar->completar('2', '130f22fc4ff4ca00fe57bf75c520e68a97c45c3e')
 5 SYSTEMPATH\CodeIgniter.php(466): CodeIgniter\CodeIgniter->runController(Object(App\Controllers\Registrar))
 6 SYSTEMPATH\CodeIgniter.php(349): CodeIgniter\CodeIgniter->handleRequest(null, Object(Config\Cache), false)
 7 FCPATH\index.php(55): CodeIgniter\CodeIgniter->run()
CRITICAL - 2022-08-08 10:46:57 --> Undefined variable $datos
in APPPATH\Views\contraseña.php on line 9.
 1 APPPATH\Views\contraseña.php(9): CodeIgniter\Debug\Exceptions->errorHandler(2, 'Undefined variable $datos', 'APPPATH\\Views\\contraseña.php', 9)
 2 SYSTEMPATH\View\View.php(213): include('APPPATH\\Views\\contraseña.php')
 3 SYSTEMPATH\View\View.php(216): CodeIgniter\View\View->CodeIgniter\View\{closure}()
 4 SYSTEMPATH\Common.php(1135): CodeIgniter\View\View->render('contraseña', [], true)
 5 APPPATH\Controllers\Registrar.php(26): view('contraseña', [...])
 6 SYSTEMPATH\CodeIgniter.php(896): App\Controllers\Registrar->completar('2', '130f22fc4ff4ca00fe57bf75c520e68a97c45c3e')
 7 SYSTEMPATH\CodeIgniter.php(466): CodeIgniter\CodeIgniter->runController(Object(App\Controllers\Registrar))
 8 SYSTEMPATH\CodeIgniter.php(349): CodeIgniter\CodeIgniter->handleRequest(null, Object(Config\Cache), false)
 9 FCPATH\index.php(55): CodeIgniter\CodeIgniter->run()
CRITICAL - 2022-08-08 10:47:34 --> Undefined variable $datos
in APPPATH\Views\contraseña.php on line 9.
 1 APPPATH\Views\contraseña.php(9): CodeIgniter\Debug\Exceptions->errorHandler(2, 'Undefined variable $datos', 'APPPATH\\Views\\contraseña.php', 9)
 2 SYSTEMPATH\View\View.php(213): include('APPPATH\\Views\\contraseña.php')
 3 SYSTEMPATH\View\View.php(216): CodeIgniter\View\View->CodeIgniter\View\{closure}()
 4 SYSTEMPATH\Common.php(1135): CodeIgniter\View\View->render('contraseña', [], true)
 5 APPPATH\Controllers\Registrar.php(26): view('contraseña', [...])
 6 SYSTEMPATH\CodeIgniter.php(896): App\Controllers\Registrar->completar('2', '130f22fc4ff4ca00fe57bf75c520e68a97c45c3e')
 7 SYSTEMPATH\CodeIgniter.php(466): CodeIgniter\CodeIgniter->runController(Object(App\Controllers\Registrar))
 8 SYSTEMPATH\CodeIgniter.php(349): CodeIgniter\CodeIgniter->handleRequest(null, Object(Config\Cache), false)
 9 FCPATH\index.php(55): CodeIgniter\CodeIgniter->run()
CRITICAL - 2022-08-08 10:48:00 --> Undefined variable $datos
in APPPATH\Views\contraseña.php on line 8.
 1 APPPATH\Views\contraseña.php(8): CodeIgniter\Debug\Exceptions->errorHandler(2, 'Undefined variable $datos', 'APPPATH\\Views\\contraseña.php', 8)
 2 SYSTEMPATH\View\View.php(213): include('APPPATH\\Views\\contraseña.php')
 3 SYSTEMPATH\View\View.php(216): CodeIgniter\View\View->CodeIgniter\View\{closure}()
 4 SYSTEMPATH\Common.php(1135): CodeIgniter\View\View->render('contraseña', [], true)
 5 APPPATH\Controllers\Registrar.php(26): view('contraseña', [...])
 6 SYSTEMPATH\CodeIgniter.php(896): App\Controllers\Registrar->completar('2', '130f22fc4ff4ca00fe57bf75c520e68a97c45c3e')
 7 SYSTEMPATH\CodeIgniter.php(466): CodeIgniter\CodeIgniter->runController(Object(App\Controllers\Registrar))
 8 SYSTEMPATH\CodeIgniter.php(349): CodeIgniter\CodeIgniter->handleRequest(null, Object(Config\Cache), false)
 9 FCPATH\index.php(55): CodeIgniter\CodeIgniter->run()
CRITICAL - 2022-08-08 10:52:07 --> Undefined variable $datos
in APPPATH\Views\contraseña.php on line 8.
 1 APPPATH\Views\contraseña.php(8): CodeIgniter\Debug\Exceptions->errorHandler(2, 'Undefined variable $datos', 'APPPATH\\Views\\contraseña.php', 8)
 2 SYSTEMPATH\View\View.php(213): include('APPPATH\\Views\\contraseña.php')
 3 SYSTEMPATH\View\View.php(216): CodeIgniter\View\View->CodeIgniter\View\{closure}()
 4 SYSTEMPATH\Common.php(1135): CodeIgniter\View\View->render('contraseña', [], true)
 5 APPPATH\Controllers\Registrar.php(26): view('contraseña', [...])
 6 SYSTEMPATH\CodeIgniter.php(896): App\Controllers\Registrar->completar('2', '130f22fc4ff4ca00fe57bf75c520e68a97c45c3e')
 7 SYSTEMPATH\CodeIgniter.php(466): CodeIgniter\CodeIgniter->runController(Object(App\Controllers\Registrar))
 8 SYSTEMPATH\CodeIgniter.php(349): CodeIgniter\CodeIgniter->handleRequest(null, Object(Config\Cache), false)
 9 FCPATH\index.php(55): CodeIgniter\CodeIgniter->run()
CRITICAL - 2022-08-08 10:52:14 --> Undefined variable $datos
in APPPATH\Views\contraseña.php on line 8.
 1 APPPATH\Views\contraseña.php(8): CodeIgniter\Debug\Exceptions->errorHandler(2, 'Undefined variable $datos', 'APPPATH\\Views\\contraseña.php', 8)
 2 SYSTEMPATH\View\View.php(213): include('APPPATH\\Views\\contraseña.php')
 3 SYSTEMPATH\View\View.php(216): CodeIgniter\View\View->CodeIgniter\View\{closure}()
 4 SYSTEMPATH\Common.php(1135): CodeIgniter\View\View->render('contraseña', [], true)
 5 APPPATH\Controllers\Registrar.php(26): view('contraseña', [...])
 6 SYSTEMPATH\CodeIgniter.php(896): App\Controllers\Registrar->completar('2', '130f22fc4ff4ca00fe57bf75c520e68a97c45c3e')
 7 SYSTEMPATH\CodeIgniter.php(466): CodeIgniter\CodeIgniter->runController(Object(App\Controllers\Registrar))
 8 SYSTEMPATH\CodeIgniter.php(349): CodeIgniter\CodeIgniter->handleRequest(null, Object(Config\Cache), false)
 9 FCPATH\index.php(55): CodeIgniter\CodeIgniter->run()
CRITICAL - 2022-08-08 10:52:15 --> Undefined variable $datos
in APPPATH\Views\contraseña.php on line 8.
 1 APPPATH\Views\contraseña.php(8): CodeIgniter\Debug\Exceptions->errorHandler(2, 'Undefined variable $datos', 'APPPATH\\Views\\contraseña.php', 8)
 2 SYSTEMPATH\View\View.php(213): include('APPPATH\\Views\\contraseña.php')
 3 SYSTEMPATH\View\View.php(216): CodeIgniter\View\View->CodeIgniter\View\{closure}()
 4 SYSTEMPATH\Common.php(1135): CodeIgniter\View\View->render('contraseña', [], true)
 5 APPPATH\Controllers\Registrar.php(26): view('contraseña', [...])
 6 SYSTEMPATH\CodeIgniter.php(896): App\Controllers\Registrar->completar('2', '130f22fc4ff4ca00fe57bf75c520e68a97c45c3e')
 7 SYSTEMPATH\CodeIgniter.php(466): CodeIgniter\CodeIgniter->runController(Object(App\Controllers\Registrar))
 8 SYSTEMPATH\CodeIgniter.php(349): CodeIgniter\CodeIgniter->handleRequest(null, Object(Config\Cache), false)
 9 FCPATH\index.php(55): CodeIgniter\CodeIgniter->run()
CRITICAL - 2022-08-08 10:52:57 --> view(): Argument #2 ($data) must be of type array, string given, called in C:\xampp\htdocs\ResidenciasSaray\app\Controllers\Registrar.php on line 27
in SYSTEMPATH\Common.php on line 1121.
 1 APPPATH\Controllers\Registrar.php(27): view('contraseña', 'Hola')
 2 SYSTEMPATH\CodeIgniter.php(896): App\Controllers\Registrar->completar('2', '130f22fc4ff4ca00fe57bf75c520e68a97c45c3e')
 3 SYSTEMPATH\CodeIgniter.php(466): CodeIgniter\CodeIgniter->runController(Object(App\Controllers\Registrar))
 4 SYSTEMPATH\CodeIgniter.php(349): CodeIgniter\CodeIgniter->handleRequest(null, Object(Config\Cache), false)
 5 FCPATH\index.php(55): CodeIgniter\CodeIgniter->run()
CRITICAL - 2022-08-08 10:54:39 --> Undefined variable $mensaje
in APPPATH\Views\contraseña.php on line 8.
 1 APPPATH\Views\contraseña.php(8): CodeIgniter\Debug\Exceptions->errorHandler(2, 'Undefined variable $mensaje', 'APPPATH\\Views\\contraseña.php', 8)
 2 SYSTEMPATH\View\View.php(213): include('APPPATH\\Views\\contraseña.php')
 3 SYSTEMPATH\View\View.php(216): CodeIgniter\View\View->CodeIgniter\View\{closure}()
 4 SYSTEMPATH\Common.php(1135): CodeIgniter\View\View->render('contraseña', [], true)
 5 APPPATH\Controllers\Registrar.php(27): view('contraseña', [...])
 6 SYSTEMPATH\CodeIgniter.php(896): App\Controllers\Registrar->completar('2', '130f22fc4ff4ca00fe57bf75c520e68a97c45c3e')
 7 SYSTEMPATH\CodeIgniter.php(466): CodeIgniter\CodeIgniter->runController(Object(App\Controllers\Registrar))
 8 SYSTEMPATH\CodeIgniter.php(349): CodeIgniter\CodeIgniter->handleRequest(null, Object(Config\Cache), false)
 9 FCPATH\index.php(55): CodeIgniter\CodeIgniter->run()
CRITICAL - 2022-08-08 10:55:43 --> Undefined variable $datos
in APPPATH\Views\contraseña.php on line 8.
 1 APPPATH\Views\contraseña.php(8): CodeIgniter\Debug\Exceptions->errorHandler(2, 'Undefined variable $datos', 'APPPATH\\Views\\contraseña.php', 8)
 2 SYSTEMPATH\View\View.php(213): include('APPPATH\\Views\\contraseña.php')
 3 SYSTEMPATH\View\View.php(216): CodeIgniter\View\View->CodeIgniter\View\{closure}()
 4 SYSTEMPATH\Common.php(1135): CodeIgniter\View\View->render('contraseña', [], true)
 5 APPPATH\Controllers\Registrar.php(27): view('contraseña', [...])
 6 SYSTEMPATH\CodeIgniter.php(896): App\Controllers\Registrar->completar('2', '130f22fc4ff4ca00fe57bf75c520e68a97c45c3e')
 7 SYSTEMPATH\CodeIgniter.php(466): CodeIgniter\CodeIgniter->runController(Object(App\Controllers\Registrar))
 8 SYSTEMPATH\CodeIgniter.php(349): CodeIgniter\CodeIgniter->handleRequest(null, Object(Config\Cache), false)
 9 FCPATH\index.php(55): CodeIgniter\CodeIgniter->run()
CRITICAL - 2022-08-08 10:57:33 --> syntax error, unexpected token "->", expecting identifier or variable or "{" or "$"
in APPPATH\Controllers\Home.php on line 47.
 1 SYSTEMPATH\Autoloader\Autoloader.php(261): CodeIgniter\Autoloader\Autoloader->includeFile('APPPATH\\Controllers\\Home.php')
 2 SYSTEMPATH\Autoloader\Autoloader.php(239): CodeIgniter\Autoloader\Autoloader->loadInNamespace('App\\Controllers\\Home')
 3 [internal function]: CodeIgniter\Autoloader\Autoloader->loadClass('App\\Controllers\\Home')
 4 SYSTEMPATH\CodeIgniter.php(846): class_exists('\\App\\Controllers\\Home', true)
 5 SYSTEMPATH\CodeIgniter.php(453): CodeIgniter\CodeIgniter->startController()
 6 SYSTEMPATH\CodeIgniter.php(349): CodeIgniter\CodeIgniter->handleRequest(null, Object(Config\Cache), false)
 7 FCPATH\index.php(55): CodeIgniter\CodeIgniter->run()
CRITICAL - 2022-08-08 10:59:54 --> Undefined variable $id
in APPPATH\Views\contraseña.php on line 8.
 1 APPPATH\Views\contraseña.php(8): CodeIgniter\Debug\Exceptions->errorHandler(2, 'Undefined variable $id', 'APPPATH\\Views\\contraseña.php', 8)
 2 SYSTEMPATH\View\View.php(213): include('APPPATH\\Views\\contraseña.php')
 3 SYSTEMPATH\View\View.php(216): CodeIgniter\View\View->CodeIgniter\View\{closure}()
 4 SYSTEMPATH\Common.php(1135): CodeIgniter\View\View->render('contraseña', [], true)
 5 APPPATH\Controllers\Registrar.php(28): view('contraseña', [...])
 6 SYSTEMPATH\CodeIgniter.php(896): App\Controllers\Registrar->completar('2', '130f22fc4ff4ca00fe57bf75c520e68a97c45c3e')
 7 SYSTEMPATH\CodeIgniter.php(466): CodeIgniter\CodeIgniter->runController(Object(App\Controllers\Registrar))
 8 SYSTEMPATH\CodeIgniter.php(349): CodeIgniter\CodeIgniter->handleRequest(null, Object(Config\Cache), false)
 9 FCPATH\index.php(55): CodeIgniter\CodeIgniter->run()
CRITICAL - 2022-08-08 11:00:07 --> syntax error, unexpected token "=>", expecting ")"
in APPPATH\Views\contraseña.php on line 8.
 1 SYSTEMPATH\View\View.php(216): CodeIgniter\View\View->CodeIgniter\View\{closure}()
 2 SYSTEMPATH\Common.php(1135): CodeIgniter\View\View->render('contraseña', [], true)
 3 APPPATH\Controllers\Registrar.php(28): view('contraseña', [...])
 4 SYSTEMPATH\CodeIgniter.php(896): App\Controllers\Registrar->completar('2', '130f22fc4ff4ca00fe57bf75c520e68a97c45c3e')
 5 SYSTEMPATH\CodeIgniter.php(466): CodeIgniter\CodeIgniter->runController(Object(App\Controllers\Registrar))
 6 SYSTEMPATH\CodeIgniter.php(349): CodeIgniter\CodeIgniter->handleRequest(null, Object(Config\Cache), false)
 7 FCPATH\index.php(55): CodeIgniter\CodeIgniter->run()
CRITICAL - 2022-08-08 11:08:33 -->  route cannot be found while reverse-routing.
in SYSTEMPATH\HTTP\RedirectResponse.php on line 56.
 1 SYSTEMPATH\HTTP\RedirectResponse.php(56): CodeIgniter\HTTP\Exceptions\HTTPException::forInvalidRedirectRoute('ROOTPATH\\public')
 2 APPPATH\Controllers\Registrar.php(51): CodeIgniter\HTTP\RedirectResponse->route(false)
 3 SYSTEMPATH\CodeIgniter.php(896): App\Controllers\Registrar->guardarContraseña()
 4 SYSTEMPATH\CodeIgniter.php(466): CodeIgniter\CodeIgniter->runController(Object(App\Controllers\Registrar))
 5 SYSTEMPATH\CodeIgniter.php(349): CodeIgniter\CodeIgniter->handleRequest(null, Object(Config\Cache), false)
 6 FCPATH\index.php(55): CodeIgniter\CodeIgniter->run()
CRITICAL - 2022-08-08 11:09:06 -->  route cannot be found while reverse-routing.
in SYSTEMPATH\HTTP\RedirectResponse.php on line 56.
 1 SYSTEMPATH\HTTP\RedirectResponse.php(56): CodeIgniter\HTTP\Exceptions\HTTPException::forInvalidRedirectRoute('ROOTPATH\\public')
 2 APPPATH\Controllers\Registrar.php(51): CodeIgniter\HTTP\RedirectResponse->route(false)
 3 SYSTEMPATH\CodeIgniter.php(896): App\Controllers\Registrar->guardarContraseña()
 4 SYSTEMPATH\CodeIgniter.php(466): CodeIgniter\CodeIgniter->runController(Object(App\Controllers\Registrar))
 5 SYSTEMPATH\CodeIgniter.php(349): CodeIgniter\CodeIgniter->handleRequest(null, Object(Config\Cache), false)
 6 FCPATH\index.php(55): CodeIgniter\CodeIgniter->run()
CRITICAL - 2022-08-08 11:09:27 -->  route cannot be found while reverse-routing.
in SYSTEMPATH\HTTP\RedirectResponse.php on line 56.
 1 SYSTEMPATH\HTTP\RedirectResponse.php(56): CodeIgniter\HTTP\Exceptions\HTTPException::forInvalidRedirectRoute('ROOTPATH\\public')
 2 APPPATH\Controllers\Registrar.php(51): CodeIgniter\HTTP\RedirectResponse->route(false)
 3 SYSTEMPATH\CodeIgniter.php(896): App\Controllers\Registrar->guardarContraseña()
 4 SYSTEMPATH\CodeIgniter.php(466): CodeIgniter\CodeIgniter->runController(Object(App\Controllers\Registrar))
 5 SYSTEMPATH\CodeIgniter.php(349): CodeIgniter\CodeIgniter->handleRequest(null, Object(Config\Cache), false)
 6 FCPATH\index.php(55): CodeIgniter\CodeIgniter->run()
CRITICAL - 2022-08-08 11:10:02 --> syntax error, unexpected single-quoted string "/", expecting ")"
in APPPATH\Controllers\Registrar.php on line 51.
 1 SYSTEMPATH\Autoloader\Autoloader.php(261): CodeIgniter\Autoloader\Autoloader->includeFile('APPPATH\\Controllers\\Registrar.php')
 2 SYSTEMPATH\Autoloader\Autoloader.php(239): CodeIgniter\Autoloader\Autoloader->loadInNamespace('App\\Controllers\\Registrar')
 3 [internal function]: CodeIgniter\Autoloader\Autoloader->loadClass('App\\Controllers\\Registrar')
 4 SYSTEMPATH\CodeIgniter.php(846): class_exists('\\App\\Controllers\\Registrar', true)
 5 SYSTEMPATH\CodeIgniter.php(453): CodeIgniter\CodeIgniter->startController()
 6 SYSTEMPATH\CodeIgniter.php(349): CodeIgniter\CodeIgniter->handleRequest(null, Object(Config\Cache), false)
 7 FCPATH\index.php(55): CodeIgniter\CodeIgniter->run()
CRITICAL - 2022-08-08 11:10:24 -->  route cannot be found while reverse-routing.
in SYSTEMPATH\HTTP\RedirectResponse.php on line 56.
 1 SYSTEMPATH\HTTP\RedirectResponse.php(56): CodeIgniter\HTTP\Exceptions\HTTPException::forInvalidRedirectRoute('ROOTPATH\\public')
 2 APPPATH\Controllers\Registrar.php(51): CodeIgniter\HTTP\RedirectResponse->route(false)
 3 SYSTEMPATH\CodeIgniter.php(896): App\Controllers\Registrar->guardarContraseña()
 4 SYSTEMPATH\CodeIgniter.php(466): CodeIgniter\CodeIgniter->runController(Object(App\Controllers\Registrar))
 5 SYSTEMPATH\CodeIgniter.php(349): CodeIgniter\CodeIgniter->handleRequest(null, Object(Config\Cache), false)
 6 FCPATH\index.php(55): CodeIgniter\CodeIgniter->run()
CRITICAL - 2022-08-08 11:10:36 -->  route cannot be found while reverse-routing.
in SYSTEMPATH\HTTP\RedirectResponse.php on line 56.
 1 SYSTEMPATH\HTTP\RedirectResponse.php(56): CodeIgniter\HTTP\Exceptions\HTTPException::forInvalidRedirectRoute('ROOTPATH\\public')
 2 APPPATH\Controllers\Registrar.php(51): CodeIgniter\HTTP\RedirectResponse->route(false)
 3 SYSTEMPATH\CodeIgniter.php(896): App\Controllers\Registrar->guardarContraseña()
 4 SYSTEMPATH\CodeIgniter.php(466): CodeIgniter\CodeIgniter->runController(Object(App\Controllers\Registrar))
 5 SYSTEMPATH\CodeIgniter.php(349): CodeIgniter\CodeIgniter->handleRequest(null, Object(Config\Cache), false)
 6 FCPATH\index.php(55): CodeIgniter\CodeIgniter->run()
CRITICAL - 2022-08-08 11:30:37 --> syntax error, unexpected token ";"
in APPPATH\Controllers\Registrar.php on line 47.
 1 SYSTEMPATH\Autoloader\Autoloader.php(261): CodeIgniter\Autoloader\Autoloader->includeFile('APPPATH\\Controllers\\Registrar.php')
 2 SYSTEMPATH\Autoloader\Autoloader.php(239): CodeIgniter\Autoloader\Autoloader->loadInNamespace('App\\Controllers\\Registrar')
 3 [internal function]: CodeIgniter\Autoloader\Autoloader->loadClass('App\\Controllers\\Registrar')
 4 SYSTEMPATH\CodeIgniter.php(846): class_exists('\\App\\Controllers\\Registrar', true)
 5 SYSTEMPATH\CodeIgniter.php(453): CodeIgniter\CodeIgniter->startController()
 6 SYSTEMPATH\CodeIgniter.php(349): CodeIgniter\CodeIgniter->handleRequest(null, Object(Config\Cache), false)
 7 FCPATH\index.php(55): CodeIgniter\CodeIgniter->run()
CRITICAL - 2022-08-08 11:31:39 --> syntax error, unexpected token "if"
in APPPATH\Controllers\Registrar.php on line 47.
 1 SYSTEMPATH\Autoloader\Autoloader.php(261): CodeIgniter\Autoloader\Autoloader->includeFile('APPPATH\\Controllers\\Registrar.php')
 2 SYSTEMPATH\Autoloader\Autoloader.php(239): CodeIgniter\Autoloader\Autoloader->loadInNamespace('App\\Controllers\\Registrar')
 3 [internal function]: CodeIgniter\Autoloader\Autoloader->loadClass('App\\Controllers\\Registrar')
 4 SYSTEMPATH\CodeIgniter.php(846): class_exists('\\App\\Controllers\\Registrar', true)
 5 SYSTEMPATH\CodeIgniter.php(453): CodeIgniter\CodeIgniter->startController()
 6 SYSTEMPATH\CodeIgniter.php(349): CodeIgniter\CodeIgniter->handleRequest(null, Object(Config\Cache), false)
 7 FCPATH\index.php(55): CodeIgniter\CodeIgniter->run()
