CRITICAL - 2022-09-14 13:22:42 --> syntax error, unexpected token "="
in APPPATH\Controllers\Activos.php on line 62.
 1 SYSTEMPATH\Autoloader\Autoloader.php(261): CodeIgniter\Autoloader\Autoloader->includeFile('APPPATH\\Controllers\\Activos.php')
 2 SYSTEMPATH\Autoloader\Autoloader.php(239): CodeIgniter\Autoloader\Autoloader->loadInNamespace('App\\Controllers\\Activos')
 3 [internal function]: CodeIgniter\Autoloader\Autoloader->loadClass('App\\Controllers\\Activos')
 4 SYSTEMPATH\CodeIgniter.php(846): class_exists('\\App\\Controllers\\Activos', true)
 5 SYSTEMPATH\CodeIgniter.php(453): CodeIgniter\CodeIgniter->startController()
 6 SYSTEMPATH\CodeIgniter.php(349): CodeIgniter\CodeIgniter->handleRequest(null, Object(Config\Cache), false)
 7 FCPATH\index.php(55): CodeIgniter\CodeIgniter->run()
CRITICAL - 2022-09-14 13:24:47 --> syntax error, unexpected token "protected", expecting "," or ";"
in APPPATH\Models\ActivosModel.php on line 18.
 1 SYSTEMPATH\Autoloader\Autoloader.php(261): CodeIgniter\Autoloader\Autoloader->includeFile('APPPATH\\Models\\ActivosModel.php')
 2 SYSTEMPATH\Autoloader\Autoloader.php(239): CodeIgniter\Autoloader\Autoloader->loadInNamespace('App\\Models\\ActivosModel')
 3 APPPATH\Controllers\Activos.php(19): CodeIgniter\Autoloader\Autoloader->loadClass('App\\Models\\ActivosModel')
 4 SYSTEMPATH\CodeIgniter.php(858): App\Controllers\Activos->__construct()
 5 SYSTEMPATH\CodeIgniter.php(457): CodeIgniter\CodeIgniter->createController()
 6 SYSTEMPATH\CodeIgniter.php(349): CodeIgniter\CodeIgniter->handleRequest(null, Object(Config\Cache), false)
 7 FCPATH\index.php(55): CodeIgniter\CodeIgniter->run()
ERROR - 2022-09-14 13:25:06 --> Table 'testbd.activos' doesn't exist
CRITICAL - 2022-09-14 13:25:06 --> Table 'testbd.activos' doesn't exist
in SYSTEMPATH\Database\MySQLi\Connection.php on line 292.
 1 SYSTEMPATH\Database\MySQLi\Connection.php(292): mysqli->query('SELECT *
FROM `activos`
WHERE `activos`.`fechaBaja` IS NULL
AND `activos`.`idActivo` = \'1\'', 0)
 2 SYSTEMPATH\Database\BaseConnection.php(695): CodeIgniter\Database\MySQLi\Connection->execute('SELECT *
FROM `activos`
WHERE `activos`.`fechaBaja` IS NULL
AND `activos`.`idActivo` = \'1\'')
 3 SYSTEMPATH\Database\BaseConnection.php(609): CodeIgniter\Database\BaseConnection->simpleQuery('SELECT *
FROM `activos`
WHERE `activos`.`fechaBaja` IS NULL
AND `activos`.`idActivo` = \'1\'')
 4 SYSTEMPATH\Database\BaseBuilder.php(1585): CodeIgniter\Database\BaseConnection->query('SELECT *
FROM `activos`
WHERE `activos`.`fechaBaja` IS NULL
AND `activos`.`idActivo` = :activos.idActivo:', [...], false)
 5 SYSTEMPATH\Model.php(181): CodeIgniter\Database\BaseBuilder->get()
 6 SYSTEMPATH\BaseModel.php(523): CodeIgniter\Model->doFind(true, '1')
 7 APPPATH\Controllers\Activos.php(63): CodeIgniter\BaseModel->find('1')
 8 SYSTEMPATH\CodeIgniter.php(896): App\Controllers\Activos->update('1')
 9 SYSTEMPATH\CodeIgniter.php(466): CodeIgniter\CodeIgniter->runController(Object(App\Controllers\Activos))
10 SYSTEMPATH\CodeIgniter.php(349): CodeIgniter\CodeIgniter->handleRequest(null, Object(Config\Cache), false)
11 FCPATH\index.php(55): CodeIgniter\CodeIgniter->run()
CRITICAL - 2022-09-14 13:25:28 --> Undefined constant "App\Controllers\activo"
in APPPATH\Controllers\Activos.php on line 65.
 1 SYSTEMPATH\CodeIgniter.php(896): App\Controllers\Activos->update('1')
 2 SYSTEMPATH\CodeIgniter.php(466): CodeIgniter\CodeIgniter->runController(Object(App\Controllers\Activos))
 3 SYSTEMPATH\CodeIgniter.php(349): CodeIgniter\CodeIgniter->handleRequest(null, Object(Config\Cache), false)
 4 FCPATH\index.php(55): CodeIgniter\CodeIgniter->run()
CRITICAL - 2022-09-14 13:29:48 --> syntax error, unexpected token "=", expecting "]"
in APPPATH\Controllers\Activos.php on line 65.
 1 SYSTEMPATH\Autoloader\Autoloader.php(261): CodeIgniter\Autoloader\Autoloader->includeFile('APPPATH\\Controllers\\Activos.php')
 2 SYSTEMPATH\Autoloader\Autoloader.php(239): CodeIgniter\Autoloader\Autoloader->loadInNamespace('App\\Controllers\\Activos')
 3 [internal function]: CodeIgniter\Autoloader\Autoloader->loadClass('App\\Controllers\\Activos')
 4 SYSTEMPATH\CodeIgniter.php(846): class_exists('\\App\\Controllers\\Activos', true)
 5 SYSTEMPATH\CodeIgniter.php(453): CodeIgniter\CodeIgniter->startController()
 6 SYSTEMPATH\CodeIgniter.php(349): CodeIgniter\CodeIgniter->handleRequest(null, Object(Config\Cache), false)
 7 FCPATH\index.php(55): CodeIgniter\CodeIgniter->run()
CRITICAL - 2022-09-14 13:29:58 --> syntax error, unexpected token ";", expecting "]"
in APPPATH\Controllers\Activos.php on line 65.
 1 SYSTEMPATH\Autoloader\Autoloader.php(261): CodeIgniter\Autoloader\Autoloader->includeFile('APPPATH\\Controllers\\Activos.php')
 2 SYSTEMPATH\Autoloader\Autoloader.php(239): CodeIgniter\Autoloader\Autoloader->loadInNamespace('App\\Controllers\\Activos')
 3 [internal function]: CodeIgniter\Autoloader\Autoloader->loadClass('App\\Controllers\\Activos')
 4 SYSTEMPATH\CodeIgniter.php(846): class_exists('\\App\\Controllers\\Activos', true)
 5 SYSTEMPATH\CodeIgniter.php(453): CodeIgniter\CodeIgniter->startController()
 6 SYSTEMPATH\CodeIgniter.php(349): CodeIgniter\CodeIgniter->handleRequest(null, Object(Config\Cache), false)
 7 FCPATH\index.php(55): CodeIgniter\CodeIgniter->run()
CRITICAL - 2022-09-14 15:04:19 --> Class "App\Controllers\CustomModel" not found
in APPPATH\Controllers\Activos.php on line 17.
 1 SYSTEMPATH\CodeIgniter.php(858): App\Controllers\Activos->__construct()
 2 SYSTEMPATH\CodeIgniter.php(457): CodeIgniter\CodeIgniter->createController()
 3 SYSTEMPATH\CodeIgniter.php(349): CodeIgniter\CodeIgniter->handleRequest(null, Object(Config\Cache), false)
 4 FCPATH\index.php(55): CodeIgniter\CodeIgniter->run()
