ERROR - 2022-11-01 12:11:39 --> Error connecting to the database: No se puede establecer una conexión ya que el equipo de destino denegó expresamente dicha conexión
CRITICAL - 2022-11-01 12:11:39 --> Unable to connect to the database.
Main connection [MySQLi]: No se puede establecer una conexión ya que el equipo de destino denegó expresamente dicha conexión
in SYSTEMPATH\Database\BaseConnection.php on line 416.
 1 SYSTEMPATH\Database\BaseConnection.php(586): CodeIgniter\Database\BaseConnection->initialize()
 2 SYSTEMPATH\Database\BaseBuilder.php(1585): CodeIgniter\Database\BaseConnection->query('SELECT *
FROM `usuario`
WHERE `correo` = :correo:', [...], false)
 3 SYSTEMPATH\Model.php(184): CodeIgniter\Database\BaseBuilder->get()
 4 SYSTEMPATH\BaseModel.php(523): CodeIgniter\Model->doFind(false, null)
 5 APPPATH\Controllers\Home.php(56): CodeIgniter\BaseModel->find()
 6 SYSTEMPATH\CodeIgniter.php(896): App\Controllers\Home->attemptLogin()
 7 SYSTEMPATH\CodeIgniter.php(466): CodeIgniter\CodeIgniter->runController(Object(App\Controllers\Home))
 8 SYSTEMPATH\CodeIgniter.php(349): CodeIgniter\CodeIgniter->handleRequest(null, Object(Config\Cache), false)
 9 FCPATH\index.php(55): CodeIgniter\CodeIgniter->run()
ERROR - 2022-11-01 12:17:24 --> Error connecting to the database: No se puede establecer una conexión ya que el equipo de destino denegó expresamente dicha conexión
CRITICAL - 2022-11-01 12:17:24 --> Unable to connect to the database.
Main connection [MySQLi]: No se puede establecer una conexión ya que el equipo de destino denegó expresamente dicha conexión
in SYSTEMPATH\Database\BaseConnection.php on line 416.
 1 SYSTEMPATH\Database\BaseConnection.php(586): CodeIgniter\Database\BaseConnection->initialize()
 2 SYSTEMPATH\Database\BaseBuilder.php(1585): CodeIgniter\Database\BaseConnection->query('SELECT *
FROM `usuario`
WHERE `correo` = :correo:', [...], false)
 3 SYSTEMPATH\Model.php(184): CodeIgniter\Database\BaseBuilder->get()
 4 SYSTEMPATH\BaseModel.php(523): CodeIgniter\Model->doFind(false, null)
 5 APPPATH\Controllers\Home.php(56): CodeIgniter\BaseModel->find()
 6 SYSTEMPATH\CodeIgniter.php(896): App\Controllers\Home->attemptLogin()
 7 SYSTEMPATH\CodeIgniter.php(466): CodeIgniter\CodeIgniter->runController(Object(App\Controllers\Home))
 8 SYSTEMPATH\CodeIgniter.php(349): CodeIgniter\CodeIgniter->handleRequest(null, Object(Config\Cache), false)
 9 FCPATH\index.php(55): CodeIgniter\CodeIgniter->run()
CRITICAL - 2022-11-01 12:29:46 --> json_decode(): Passing null to parameter #1 ($json) of type string is deprecated
in APPPATH\Controllers\Activos.php on line 162.
 1 [internal function]: CodeIgniter\Debug\Exceptions->errorHandler(8192, 'json_decode(): Passing null to parameter #1 ($json) of type string is deprecated', 'APPPATH\\Controllers\\Activos.php', 162)
 2 APPPATH\Controllers\Activos.php(162): json_decode(null, true)
 3 SYSTEMPATH\CodeIgniter.php(896): App\Controllers\Activos->update('7')
 4 SYSTEMPATH\CodeIgniter.php(466): CodeIgniter\CodeIgniter->runController(Object(App\Controllers\Activos))
 5 SYSTEMPATH\CodeIgniter.php(349): CodeIgniter\CodeIgniter->handleRequest(null, Object(Config\Cache), false)
 6 FCPATH\index.php(55): CodeIgniter\CodeIgniter->run()
CRITICAL - 2022-11-01 12:29:55 --> json_decode(): Passing null to parameter #1 ($json) of type string is deprecated
in APPPATH\Controllers\Activos.php on line 162.
 1 [internal function]: CodeIgniter\Debug\Exceptions->errorHandler(8192, 'json_decode(): Passing null to parameter #1 ($json) of type string is deprecated', 'APPPATH\\Controllers\\Activos.php', 162)
 2 APPPATH\Controllers\Activos.php(162): json_decode(null, true)
 3 SYSTEMPATH\CodeIgniter.php(896): App\Controllers\Activos->update('7')
 4 SYSTEMPATH\CodeIgniter.php(466): CodeIgniter\CodeIgniter->runController(Object(App\Controllers\Activos))
 5 SYSTEMPATH\CodeIgniter.php(349): CodeIgniter\CodeIgniter->handleRequest(null, Object(Config\Cache), false)
 6 FCPATH\index.php(55): CodeIgniter\CodeIgniter->run()
CRITICAL - 2022-11-01 13:05:42 --> Call to undefined method App\Controllers\Asignacion::asignacionModel()
in APPPATH\Controllers\Asignacion.php on line 91.
 1 SYSTEMPATH\CodeIgniter.php(896): App\Controllers\Asignacion->reasignar('7')
 2 SYSTEMPATH\CodeIgniter.php(466): CodeIgniter\CodeIgniter->runController(Object(App\Controllers\Asignacion))
 3 SYSTEMPATH\CodeIgniter.php(349): CodeIgniter\CodeIgniter->handleRequest(null, Object(Config\Cache), false)
 4 FCPATH\index.php(55): CodeIgniter\CodeIgniter->run()
CRITICAL - 2022-11-01 13:11:24 --> Undefined array key "usuarioAsignado"
in APPPATH\Controllers\Asignacion.php on line 95.
 1 APPPATH\Controllers\Asignacion.php(95): CodeIgniter\Debug\Exceptions->errorHandler(2, 'Undefined array key "usuarioAsignado"', 'APPPATH\\Controllers\\Asignacion.php', 95)
 2 SYSTEMPATH\CodeIgniter.php(896): App\Controllers\Asignacion->reasignar('7')
 3 SYSTEMPATH\CodeIgniter.php(466): CodeIgniter\CodeIgniter->runController(Object(App\Controllers\Asignacion))
 4 SYSTEMPATH\CodeIgniter.php(349): CodeIgniter\CodeIgniter->handleRequest(null, Object(Config\Cache), false)
 5 FCPATH\index.php(55): CodeIgniter\CodeIgniter->run()
CRITICAL - 2022-11-01 13:15:55 --> Undefined variable $asignacion
in APPPATH\Views\asignarActivo.php on line 70.
 1 APPPATH\Views\asignarActivo.php(70): CodeIgniter\Debug\Exceptions->errorHandler(2, 'Undefined variable $asignacion', 'APPPATH\\Views\\asignarActivo.php', 70)
 2 SYSTEMPATH\View\View.php(213): include('APPPATH\\Views\\asignarActivo.php')
 3 SYSTEMPATH\View\View.php(216): CodeIgniter\View\View->CodeIgniter\View\{closure}()
 4 SYSTEMPATH\Common.php(1135): CodeIgniter\View\View->render('asignarActivo', [], true)
 5 APPPATH\Controllers\Asignacion.php(62): view('asignarActivo', [...])
 6 SYSTEMPATH\CodeIgniter.php(896): App\Controllers\Asignacion->asignacionActivo('12')
 7 SYSTEMPATH\CodeIgniter.php(466): CodeIgniter\CodeIgniter->runController(Object(App\Controllers\Asignacion))
 8 SYSTEMPATH\CodeIgniter.php(349): CodeIgniter\CodeIgniter->handleRequest(null, Object(Config\Cache), false)
 9 FCPATH\index.php(55): CodeIgniter\CodeIgniter->run()
CRITICAL - 2022-11-01 13:17:49 --> Undefined array key "apellidoM"
in APPPATH\Views\asignarActivo.php on line 94.
 1 APPPATH\Views\asignarActivo.php(94): CodeIgniter\Debug\Exceptions->errorHandler(2, 'Undefined array key "apellidoM"', 'APPPATH\\Views\\asignarActivo.php', 94)
 2 SYSTEMPATH\View\View.php(213): include('APPPATH\\Views\\asignarActivo.php')
 3 SYSTEMPATH\View\View.php(216): CodeIgniter\View\View->CodeIgniter\View\{closure}()
 4 SYSTEMPATH\Common.php(1135): CodeIgniter\View\View->render('asignarActivo', [], true)
 5 APPPATH\Controllers\Asignacion.php(108): view('asignarActivo', [...])
 6 SYSTEMPATH\CodeIgniter.php(896): App\Controllers\Asignacion->reasignar('7')
 7 SYSTEMPATH\CodeIgniter.php(466): CodeIgniter\CodeIgniter->runController(Object(App\Controllers\Asignacion))
 8 SYSTEMPATH\CodeIgniter.php(349): CodeIgniter\CodeIgniter->handleRequest(null, Object(Config\Cache), false)
 9 FCPATH\index.php(55): CodeIgniter\CodeIgniter->run()
CRITICAL - 2022-11-01 13:26:09 --> syntax error, unexpected token "if"
in APPPATH\Config\Routes.php on line 97.
 1 SYSTEMPATH\CodeIgniter.php(415): CodeIgniter\CodeIgniter->tryToRouteIt(null)
 2 SYSTEMPATH\CodeIgniter.php(349): CodeIgniter\CodeIgniter->handleRequest(null, Object(Config\Cache), false)
 3 FCPATH\index.php(55): CodeIgniter\CodeIgniter->run()
ERROR - 2022-11-01 14:15:20 --> Unknown column 'activo.noActivo' in 'where clause'
CRITICAL - 2022-11-01 14:15:20 --> Unknown column 'activo.noActivo' in 'where clause'
in SYSTEMPATH\Database\MySQLi\Connection.php on line 292.
 1 SYSTEMPATH\Database\MySQLi\Connection.php(292): mysqli->query('SELECT `asignacion`.`idAsignacion`, `accesorio`.`nombre`, `asignacion`.`cantidad`, `asignacion`.`fechaAsignacion`, `asignacion`.`observaciones`
FROM `asignacion`
JOIN `accesorio` ON `asignacion`.`idAccesorio` = `activo`.`idAccesorio`
JOIN `usuario` ON `asignacion`.`usuarioAsignado` = `usuario`.`idUsuario`
WHERE `activo`.`noActivo` LIKE \'%%\' ESCAPE \'!\'
AND `asignacion`.`usuarioAsignado` = \'21\'
AND `asignacion`.`fechaBaja` IS NULL
 LIMIT 5', 0)
 2 SYSTEMPATH\Database\BaseConnection.php(695): CodeIgniter\Database\MySQLi\Connection->execute('SELECT `asignacion`.`idAsignacion`, `accesorio`.`nombre`, `asignacion`.`cantidad`, `asignacion`.`fechaAsignacion`, `asignacion`.`observaciones`
FROM `asignacion`
JOIN `accesorio` ON `asignacion`.`idAccesorio` = `activo`.`idAccesorio`
JOIN `usuario` ON `asignacion`.`usuarioAsignado` = `usuario`.`idUsuario`
WHERE `activo`.`noActivo` LIKE \'%%\' ESCAPE \'!\'
AND `asignacion`.`usuarioAsignado` = \'21\'
AND `asignacion`.`fechaBaja` IS NULL
 LIMIT 5')
 3 SYSTEMPATH\Database\BaseConnection.php(609): CodeIgniter\Database\BaseConnection->simpleQuery('SELECT `asignacion`.`idAsignacion`, `accesorio`.`nombre`, `asignacion`.`cantidad`, `asignacion`.`fechaAsignacion`, `asignacion`.`observaciones`
FROM `asignacion`
JOIN `accesorio` ON `asignacion`.`idAccesorio` = `activo`.`idAccesorio`
JOIN `usuario` ON `asignacion`.`usuarioAsignado` = `usuario`.`idUsuario`
WHERE `activo`.`noActivo` LIKE \'%%\' ESCAPE \'!\'
AND `asignacion`.`usuarioAsignado` = \'21\'
AND `asignacion`.`fechaBaja` IS NULL
 LIMIT 5')
 4 SYSTEMPATH\Database\BaseBuilder.php(1585): CodeIgniter\Database\BaseConnection->query('SELECT `asignacion`.`idAsignacion`, `accesorio`.`nombre`, `asignacion`.`cantidad`, `asignacion`.`fechaAsignacion`, `asignacion`.`observaciones`
FROM `asignacion`
JOIN `accesorio` ON `asignacion`.`idAccesorio` = `activo`.`idAccesorio`
JOIN `usuario` ON `asignacion`.`usuarioAsignado` = `usuario`.`idUsuario`
WHERE `activo`.`noActivo` LIKE :activo.noActivo: ESCAPE \'!\'
AND `asignacion`.`usuarioAsignado` = :asignacion.usuarioAsignado:
AND `asignacion`.`fechaBaja` IS NULL
 LIMIT 5', [...], false)
 5 SYSTEMPATH\Model.php(184): CodeIgniter\Database\BaseBuilder->get()
 6 SYSTEMPATH\BaseModel.php(523): CodeIgniter\Model->doFind(false, null)
 7 APPPATH\Controllers\Asignacion.php(191): CodeIgniter\BaseModel->find()
 8 SYSTEMPATH\CodeIgniter.php(896): App\Controllers\Asignacion->readAccesorio()
 9 SYSTEMPATH\CodeIgniter.php(466): CodeIgniter\CodeIgniter->runController(Object(App\Controllers\Asignacion))
10 SYSTEMPATH\CodeIgniter.php(349): CodeIgniter\CodeIgniter->handleRequest(null, Object(Config\Cache), false)
11 FCPATH\index.php(55): CodeIgniter\CodeIgniter->run()
ERROR - 2022-11-01 14:16:23 --> Unknown column 'activo.idAccesorio' in 'on clause'
CRITICAL - 2022-11-01 14:16:23 --> Unknown column 'activo.idAccesorio' in 'on clause'
in SYSTEMPATH\Database\MySQLi\Connection.php on line 292.
 1 SYSTEMPATH\Database\MySQLi\Connection.php(292): mysqli->query('SELECT `asignacion`.`idAsignacion`, `accesorio`.`nombre`, `asignacion`.`cantidad`, `asignacion`.`fechaAsignacion`, `asignacion`.`observaciones`
FROM `asignacion`
JOIN `accesorio` ON `asignacion`.`idAccesorio` = `activo`.`idAccesorio`
JOIN `usuario` ON `asignacion`.`usuarioAsignado` = `usuario`.`idUsuario`
WHERE `accesorio`.`nombre` LIKE \'%%\' ESCAPE \'!\'
AND `asignacion`.`usuarioAsignado` = \'21\'
AND `asignacion`.`fechaBaja` IS NULL
 LIMIT 5', 0)
 2 SYSTEMPATH\Database\BaseConnection.php(695): CodeIgniter\Database\MySQLi\Connection->execute('SELECT `asignacion`.`idAsignacion`, `accesorio`.`nombre`, `asignacion`.`cantidad`, `asignacion`.`fechaAsignacion`, `asignacion`.`observaciones`
FROM `asignacion`
JOIN `accesorio` ON `asignacion`.`idAccesorio` = `activo`.`idAccesorio`
JOIN `usuario` ON `asignacion`.`usuarioAsignado` = `usuario`.`idUsuario`
WHERE `accesorio`.`nombre` LIKE \'%%\' ESCAPE \'!\'
AND `asignacion`.`usuarioAsignado` = \'21\'
AND `asignacion`.`fechaBaja` IS NULL
 LIMIT 5')
 3 SYSTEMPATH\Database\BaseConnection.php(609): CodeIgniter\Database\BaseConnection->simpleQuery('SELECT `asignacion`.`idAsignacion`, `accesorio`.`nombre`, `asignacion`.`cantidad`, `asignacion`.`fechaAsignacion`, `asignacion`.`observaciones`
FROM `asignacion`
JOIN `accesorio` ON `asignacion`.`idAccesorio` = `activo`.`idAccesorio`
JOIN `usuario` ON `asignacion`.`usuarioAsignado` = `usuario`.`idUsuario`
WHERE `accesorio`.`nombre` LIKE \'%%\' ESCAPE \'!\'
AND `asignacion`.`usuarioAsignado` = \'21\'
AND `asignacion`.`fechaBaja` IS NULL
 LIMIT 5')
 4 SYSTEMPATH\Database\BaseBuilder.php(1585): CodeIgniter\Database\BaseConnection->query('SELECT `asignacion`.`idAsignacion`, `accesorio`.`nombre`, `asignacion`.`cantidad`, `asignacion`.`fechaAsignacion`, `asignacion`.`observaciones`
FROM `asignacion`
JOIN `accesorio` ON `asignacion`.`idAccesorio` = `activo`.`idAccesorio`
JOIN `usuario` ON `asignacion`.`usuarioAsignado` = `usuario`.`idUsuario`
WHERE `accesorio`.`nombre` LIKE :accesorio.nombre: ESCAPE \'!\'
AND `asignacion`.`usuarioAsignado` = :asignacion.usuarioAsignado:
AND `asignacion`.`fechaBaja` IS NULL
 LIMIT 5', [...], false)
 5 SYSTEMPATH\Model.php(184): CodeIgniter\Database\BaseBuilder->get()
 6 SYSTEMPATH\BaseModel.php(523): CodeIgniter\Model->doFind(false, null)
 7 APPPATH\Controllers\Asignacion.php(191): CodeIgniter\BaseModel->find()
 8 SYSTEMPATH\CodeIgniter.php(896): App\Controllers\Asignacion->readAccesorio()
 9 SYSTEMPATH\CodeIgniter.php(466): CodeIgniter\CodeIgniter->runController(Object(App\Controllers\Asignacion))
10 SYSTEMPATH\CodeIgniter.php(349): CodeIgniter\CodeIgniter->handleRequest(null, Object(Config\Cache), false)
11 FCPATH\index.php(55): CodeIgniter\CodeIgniter->run()
