CRITICAL - 2022-12-13 14:41:41 --> Trying to access array offset on value of type null
in APPPATH\Controllers\Registrar.php on line 147.
 1 APPPATH\Controllers\Registrar.php(147): CodeIgniter\Debug\Exceptions->errorHandler(2, 'Trying to access array offset on value of type null', 'APPPATH\\Controllers\\Registrar.php', 147)
 2 SYSTEMPATH\CodeIgniter.php(896): App\Controllers\Registrar->obtenerNombres()
 3 SYSTEMPATH\CodeIgniter.php(466): CodeIgniter\CodeIgniter->runController(Object(App\Controllers\Registrar))
 4 SYSTEMPATH\CodeIgniter.php(349): CodeIgniter\CodeIgniter->handleRequest(null, Object(Config\Cache), false)
 5 FCPATH\index.php(55): CodeIgniter\CodeIgniter->run()
ERROR - 2022-12-13 14:41:45 --> Unknown column 'puesto' in 'field list'
CRITICAL - 2022-12-13 14:41:45 --> Unknown column 'puesto' in 'field list'
in SYSTEMPATH\Database\MySQLi\Connection.php on line 292.
 1 SYSTEMPATH\Database\MySQLi\Connection.php(292): mysqli->query('INSERT INTO `usuario` (`curp`, `nombre`, `apellidoP`, `apellidoM`, `puesto`, `correo`) VALUES (\'MAFA971218MGTDRL03\', \'ALEIDA SARAY\', \'MADRIGAL\', \'FERNANDEZ\', \'251\', \'16240691@leon.tecnm.mx\')', 0)
 2 SYSTEMPATH\Database\BaseConnection.php(695): CodeIgniter\Database\MySQLi\Connection->execute('INSERT INTO `usuario` (`curp`, `nombre`, `apellidoP`, `apellidoM`, `puesto`, `correo`) VALUES (\'MAFA971218MGTDRL03\', \'ALEIDA SARAY\', \'MADRIGAL\', \'FERNANDEZ\', \'251\', \'16240691@leon.tecnm.mx\')')
 3 SYSTEMPATH\Database\BaseConnection.php(609): CodeIgniter\Database\BaseConnection->simpleQuery('INSERT INTO `usuario` (`curp`, `nombre`, `apellidoP`, `apellidoM`, `puesto`, `correo`) VALUES (\'MAFA971218MGTDRL03\', \'ALEIDA SARAY\', \'MADRIGAL\', \'FERNANDEZ\', \'251\', \'16240691@leon.tecnm.mx\')')
 4 SYSTEMPATH\Database\BaseBuilder.php(1904): CodeIgniter\Database\BaseConnection->query('INSERT INTO `usuario` (`curp`, `nombre`, `apellidoP`, `apellidoM`, `puesto`, `correo`) VALUES (:curp:, :nombre:, :apellidoP:, :apellidoM:, :puesto:, :correo:)', [...], false)
 5 SYSTEMPATH\Model.php(278): CodeIgniter\Database\BaseBuilder->insert()
 6 SYSTEMPATH\BaseModel.php(738): CodeIgniter\Model->doInsert([...])
 7 SYSTEMPATH\Model.php(666): CodeIgniter\BaseModel->insert([...], false)
 8 SYSTEMPATH\BaseModel.php(658): CodeIgniter\Model->insert([...], false)
 9 APPPATH\Controllers\Registrar.php(83): CodeIgniter\BaseModel->save([...])
10 SYSTEMPATH\CodeIgniter.php(896): App\Controllers\Registrar->registro()
11 SYSTEMPATH\CodeIgniter.php(466): CodeIgniter\CodeIgniter->runController(Object(App\Controllers\Registrar))
12 SYSTEMPATH\CodeIgniter.php(349): CodeIgniter\CodeIgniter->handleRequest(null, Object(Config\Cache), false)
13 FCPATH\index.php(55): CodeIgniter\CodeIgniter->run()
ERROR - 2022-12-13 15:01:40 --> Unknown column 'puesto' in 'field list'
CRITICAL - 2022-12-13 15:01:40 --> Unknown column 'puesto' in 'field list'
in SYSTEMPATH\Database\MySQLi\Connection.php on line 292.
 1 SYSTEMPATH\Database\MySQLi\Connection.php(292): mysqli->query('INSERT INTO `usuario` (`curp`, `nombre`, `apellidoP`, `apellidoM`, `puesto`, `correo`) VALUES (\'MAFA971218MGTDRL03\', \'ALEIDA SARAY\', \'MADRIGAL\', \'FERNANDEZ\', \'47\', \'smadrigal4935@gmail.com\')', 0)
 2 SYSTEMPATH\Database\BaseConnection.php(695): CodeIgniter\Database\MySQLi\Connection->execute('INSERT INTO `usuario` (`curp`, `nombre`, `apellidoP`, `apellidoM`, `puesto`, `correo`) VALUES (\'MAFA971218MGTDRL03\', \'ALEIDA SARAY\', \'MADRIGAL\', \'FERNANDEZ\', \'47\', \'smadrigal4935@gmail.com\')')
 3 SYSTEMPATH\Database\BaseConnection.php(609): CodeIgniter\Database\BaseConnection->simpleQuery('INSERT INTO `usuario` (`curp`, `nombre`, `apellidoP`, `apellidoM`, `puesto`, `correo`) VALUES (\'MAFA971218MGTDRL03\', \'ALEIDA SARAY\', \'MADRIGAL\', \'FERNANDEZ\', \'47\', \'smadrigal4935@gmail.com\')')
 4 SYSTEMPATH\Database\BaseBuilder.php(1904): CodeIgniter\Database\BaseConnection->query('INSERT INTO `usuario` (`curp`, `nombre`, `apellidoP`, `apellidoM`, `puesto`, `correo`) VALUES (:curp:, :nombre:, :apellidoP:, :apellidoM:, :puesto:, :correo:)', [...], false)
 5 SYSTEMPATH\Model.php(278): CodeIgniter\Database\BaseBuilder->insert()
 6 SYSTEMPATH\BaseModel.php(738): CodeIgniter\Model->doInsert([...])
 7 SYSTEMPATH\Model.php(666): CodeIgniter\BaseModel->insert([...], false)
 8 SYSTEMPATH\BaseModel.php(658): CodeIgniter\Model->insert([...], false)
 9 APPPATH\Controllers\Registrar.php(83): CodeIgniter\BaseModel->save([...])
10 SYSTEMPATH\CodeIgniter.php(896): App\Controllers\Registrar->registro()
11 SYSTEMPATH\CodeIgniter.php(466): CodeIgniter\CodeIgniter->runController(Object(App\Controllers\Registrar))
12 SYSTEMPATH\CodeIgniter.php(349): CodeIgniter\CodeIgniter->handleRequest(null, Object(Config\Cache), false)
13 FCPATH\index.php(55): CodeIgniter\CodeIgniter->run()
ERROR - 2022-12-13 15:01:58 --> Unknown column 'puesto' in 'field list'
CRITICAL - 2022-12-13 15:01:58 --> Unknown column 'puesto' in 'field list'
in SYSTEMPATH\Database\MySQLi\Connection.php on line 292.
 1 SYSTEMPATH\Database\MySQLi\Connection.php(292): mysqli->query('INSERT INTO `usuario` (`curp`, `nombre`, `apellidoP`, `apellidoM`, `puesto`, `correo`) VALUES (\'MAFA971218MGTDRL03\', \'ALEIDA SARAY\', \'MADRIGAL\', \'FERNANDEZ\', \'47\', \'smadrigal4935@gmail.com\')', 0)
 2 SYSTEMPATH\Database\BaseConnection.php(695): CodeIgniter\Database\MySQLi\Connection->execute('INSERT INTO `usuario` (`curp`, `nombre`, `apellidoP`, `apellidoM`, `puesto`, `correo`) VALUES (\'MAFA971218MGTDRL03\', \'ALEIDA SARAY\', \'MADRIGAL\', \'FERNANDEZ\', \'47\', \'smadrigal4935@gmail.com\')')
 3 SYSTEMPATH\Database\BaseConnection.php(609): CodeIgniter\Database\BaseConnection->simpleQuery('INSERT INTO `usuario` (`curp`, `nombre`, `apellidoP`, `apellidoM`, `puesto`, `correo`) VALUES (\'MAFA971218MGTDRL03\', \'ALEIDA SARAY\', \'MADRIGAL\', \'FERNANDEZ\', \'47\', \'smadrigal4935@gmail.com\')')
 4 SYSTEMPATH\Database\BaseBuilder.php(1904): CodeIgniter\Database\BaseConnection->query('INSERT INTO `usuario` (`curp`, `nombre`, `apellidoP`, `apellidoM`, `puesto`, `correo`) VALUES (:curp:, :nombre:, :apellidoP:, :apellidoM:, :puesto:, :correo:)', [...], false)
 5 SYSTEMPATH\Model.php(278): CodeIgniter\Database\BaseBuilder->insert()
 6 SYSTEMPATH\BaseModel.php(738): CodeIgniter\Model->doInsert([...])
 7 SYSTEMPATH\Model.php(666): CodeIgniter\BaseModel->insert([...], false)
 8 SYSTEMPATH\BaseModel.php(658): CodeIgniter\Model->insert([...], false)
 9 APPPATH\Controllers\Registrar.php(83): CodeIgniter\BaseModel->save([...])
10 SYSTEMPATH\CodeIgniter.php(896): App\Controllers\Registrar->registro()
11 SYSTEMPATH\CodeIgniter.php(466): CodeIgniter\CodeIgniter->runController(Object(App\Controllers\Registrar))
12 SYSTEMPATH\CodeIgniter.php(349): CodeIgniter\CodeIgniter->handleRequest(null, Object(Config\Cache), false)
13 FCPATH\index.php(55): CodeIgniter\CodeIgniter->run()
ERROR - 2022-12-13 15:02:38 --> Cannot add or update a child row: a foreign key constraint fails (`activosbd`.`usuario`, CONSTRAINT `FK_UsuarioPuesto` FOREIGN KEY (`idPuesto`) REFERENCES `puestos` (`idPuesto`))
CRITICAL - 2022-12-13 15:02:38 --> Cannot add or update a child row: a foreign key constraint fails (`activosbd`.`usuario`, CONSTRAINT `FK_UsuarioPuesto` FOREIGN KEY (`idPuesto`) REFERENCES `puestos` (`idPuesto`))
in SYSTEMPATH\Database\MySQLi\Connection.php on line 292.
 1 SYSTEMPATH\Database\MySQLi\Connection.php(292): mysqli->query('INSERT INTO `usuario` (`curp`, `nombre`, `apellidoP`, `apellidoM`, `correo`) VALUES (\'MAFA971218MGTDRL03\', \'ALEIDA SARAY\', \'MADRIGAL\', \'FERNANDEZ\', \'smadrigal4935@gmail.com\')', 0)
 2 SYSTEMPATH\Database\BaseConnection.php(695): CodeIgniter\Database\MySQLi\Connection->execute('INSERT INTO `usuario` (`curp`, `nombre`, `apellidoP`, `apellidoM`, `correo`) VALUES (\'MAFA971218MGTDRL03\', \'ALEIDA SARAY\', \'MADRIGAL\', \'FERNANDEZ\', \'smadrigal4935@gmail.com\')')
 3 SYSTEMPATH\Database\BaseConnection.php(609): CodeIgniter\Database\BaseConnection->simpleQuery('INSERT INTO `usuario` (`curp`, `nombre`, `apellidoP`, `apellidoM`, `correo`) VALUES (\'MAFA971218MGTDRL03\', \'ALEIDA SARAY\', \'MADRIGAL\', \'FERNANDEZ\', \'smadrigal4935@gmail.com\')')
 4 SYSTEMPATH\Database\BaseBuilder.php(1904): CodeIgniter\Database\BaseConnection->query('INSERT INTO `usuario` (`curp`, `nombre`, `apellidoP`, `apellidoM`, `correo`) VALUES (:curp:, :nombre:, :apellidoP:, :apellidoM:, :correo:)', [...], false)
 5 SYSTEMPATH\Model.php(278): CodeIgniter\Database\BaseBuilder->insert()
 6 SYSTEMPATH\BaseModel.php(738): CodeIgniter\Model->doInsert([...])
 7 SYSTEMPATH\Model.php(666): CodeIgniter\BaseModel->insert([...], false)
 8 SYSTEMPATH\BaseModel.php(658): CodeIgniter\Model->insert([...], false)
 9 APPPATH\Controllers\Registrar.php(83): CodeIgniter\BaseModel->save([...])
10 SYSTEMPATH\CodeIgniter.php(896): App\Controllers\Registrar->registro()
11 SYSTEMPATH\CodeIgniter.php(466): CodeIgniter\CodeIgniter->runController(Object(App\Controllers\Registrar))
12 SYSTEMPATH\CodeIgniter.php(349): CodeIgniter\CodeIgniter->handleRequest(null, Object(Config\Cache), false)
13 FCPATH\index.php(55): CodeIgniter\CodeIgniter->run()
ERROR - 2022-12-13 15:03:04 --> Cannot add or update a child row: a foreign key constraint fails (`activosbd`.`usuario`, CONSTRAINT `FK_UsuarioPuesto` FOREIGN KEY (`idPuesto`) REFERENCES `puestos` (`idPuesto`))
CRITICAL - 2022-12-13 15:03:04 --> Cannot add or update a child row: a foreign key constraint fails (`activosbd`.`usuario`, CONSTRAINT `FK_UsuarioPuesto` FOREIGN KEY (`idPuesto`) REFERENCES `puestos` (`idPuesto`))
in SYSTEMPATH\Database\MySQLi\Connection.php on line 292.
 1 SYSTEMPATH\Database\MySQLi\Connection.php(292): mysqli->query('INSERT INTO `usuario` (`curp`, `nombre`, `apellidoP`, `apellidoM`, `correo`) VALUES (\'MAFA971218MGTDRL03\', \'ALEIDA SARAY\', \'MADRIGAL\', \'FERNANDEZ\', \'smadrigal4935@gmail.com\')', 0)
 2 SYSTEMPATH\Database\BaseConnection.php(695): CodeIgniter\Database\MySQLi\Connection->execute('INSERT INTO `usuario` (`curp`, `nombre`, `apellidoP`, `apellidoM`, `correo`) VALUES (\'MAFA971218MGTDRL03\', \'ALEIDA SARAY\', \'MADRIGAL\', \'FERNANDEZ\', \'smadrigal4935@gmail.com\')')
 3 SYSTEMPATH\Database\BaseConnection.php(609): CodeIgniter\Database\BaseConnection->simpleQuery('INSERT INTO `usuario` (`curp`, `nombre`, `apellidoP`, `apellidoM`, `correo`) VALUES (\'MAFA971218MGTDRL03\', \'ALEIDA SARAY\', \'MADRIGAL\', \'FERNANDEZ\', \'smadrigal4935@gmail.com\')')
 4 SYSTEMPATH\Database\BaseBuilder.php(1904): CodeIgniter\Database\BaseConnection->query('INSERT INTO `usuario` (`curp`, `nombre`, `apellidoP`, `apellidoM`, `correo`) VALUES (:curp:, :nombre:, :apellidoP:, :apellidoM:, :correo:)', [...], false)
 5 SYSTEMPATH\Model.php(278): CodeIgniter\Database\BaseBuilder->insert()
 6 SYSTEMPATH\BaseModel.php(738): CodeIgniter\Model->doInsert([...])
 7 SYSTEMPATH\Model.php(666): CodeIgniter\BaseModel->insert([...], false)
 8 SYSTEMPATH\BaseModel.php(658): CodeIgniter\Model->insert([...], false)
 9 APPPATH\Controllers\Registrar.php(83): CodeIgniter\BaseModel->save([...])
10 SYSTEMPATH\CodeIgniter.php(896): App\Controllers\Registrar->registro()
11 SYSTEMPATH\CodeIgniter.php(466): CodeIgniter\CodeIgniter->runController(Object(App\Controllers\Registrar))
12 SYSTEMPATH\CodeIgniter.php(349): CodeIgniter\CodeIgniter->handleRequest(null, Object(Config\Cache), false)
13 FCPATH\index.php(55): CodeIgniter\CodeIgniter->run()
CRITICAL - 2022-12-13 15:07:30 --> trim(): Passing null to parameter #1 ($string) of type string is deprecated
in SYSTEMPATH\Validation\Validation.php on line 293.
 1 [internal function]: CodeIgniter\Debug\Exceptions->errorHandler(8192, 'trim(): Passing null to parameter #1 ($string) of type string is deprecated', 'SYSTEMPATH\\Validation\\Validation.php', 293)
 2 SYSTEMPATH\Validation\Validation.php(293): trim(null)
 3 SYSTEMPATH\Validation\Validation.php(173): CodeIgniter\Validation\Validation->processRules('curp', 'curp', null, [...], [...])
 4 SYSTEMPATH\BaseModel.php(1349): CodeIgniter\Validation\Validation->run([...], null, null)
 5 SYSTEMPATH\BaseModel.php(707): CodeIgniter\BaseModel->validate([...])
 6 SYSTEMPATH\Model.php(666): CodeIgniter\BaseModel->insert([...], false)
 7 SYSTEMPATH\BaseModel.php(658): CodeIgniter\Model->insert([...], false)
 8 APPPATH\Controllers\Registrar.php(83): CodeIgniter\BaseModel->save([...])
 9 SYSTEMPATH\CodeIgniter.php(896): App\Controllers\Registrar->registro()
10 SYSTEMPATH\CodeIgniter.php(466): CodeIgniter\CodeIgniter->runController(Object(App\Controllers\Registrar))
11 SYSTEMPATH\CodeIgniter.php(349): CodeIgniter\CodeIgniter->handleRequest(null, Object(Config\Cache), false)
12 FCPATH\index.php(55): CodeIgniter\CodeIgniter->run()
ERROR - 2022-12-13 15:08:46 --> Cannot add or update a child row: a foreign key constraint fails (`activosbd`.`usuario`, CONSTRAINT `FK_UsuarioPuesto` FOREIGN KEY (`idPuesto`) REFERENCES `puestos` (`idPuesto`))
CRITICAL - 2022-12-13 15:08:46 --> Cannot add or update a child row: a foreign key constraint fails (`activosbd`.`usuario`, CONSTRAINT `FK_UsuarioPuesto` FOREIGN KEY (`idPuesto`) REFERENCES `puestos` (`idPuesto`))
in SYSTEMPATH\Database\MySQLi\Connection.php on line 292.
 1 SYSTEMPATH\Database\MySQLi\Connection.php(292): mysqli->query('INSERT INTO `usuario` (`curp`, `nombre`, `apellidoP`, `apellidoM`, `correo`) VALUES (\'MAFA971218MGTDRL03\', \'ALEIDA SARAY\', \'MADRIGAL\', \'FERNANDEZ\', \'smadrigal4935@gmail.com\')', 0)
 2 SYSTEMPATH\Database\BaseConnection.php(695): CodeIgniter\Database\MySQLi\Connection->execute('INSERT INTO `usuario` (`curp`, `nombre`, `apellidoP`, `apellidoM`, `correo`) VALUES (\'MAFA971218MGTDRL03\', \'ALEIDA SARAY\', \'MADRIGAL\', \'FERNANDEZ\', \'smadrigal4935@gmail.com\')')
 3 SYSTEMPATH\Database\BaseConnection.php(609): CodeIgniter\Database\BaseConnection->simpleQuery('INSERT INTO `usuario` (`curp`, `nombre`, `apellidoP`, `apellidoM`, `correo`) VALUES (\'MAFA971218MGTDRL03\', \'ALEIDA SARAY\', \'MADRIGAL\', \'FERNANDEZ\', \'smadrigal4935@gmail.com\')')
 4 SYSTEMPATH\Database\BaseBuilder.php(1904): CodeIgniter\Database\BaseConnection->query('INSERT INTO `usuario` (`curp`, `nombre`, `apellidoP`, `apellidoM`, `correo`) VALUES (:curp:, :nombre:, :apellidoP:, :apellidoM:, :correo:)', [...], false)
 5 SYSTEMPATH\Model.php(278): CodeIgniter\Database\BaseBuilder->insert()
 6 SYSTEMPATH\BaseModel.php(738): CodeIgniter\Model->doInsert([...])
 7 SYSTEMPATH\Model.php(666): CodeIgniter\BaseModel->insert([...], false)
 8 SYSTEMPATH\BaseModel.php(658): CodeIgniter\Model->insert([...], false)
 9 APPPATH\Controllers\Registrar.php(83): CodeIgniter\BaseModel->save([...])
10 SYSTEMPATH\CodeIgniter.php(896): App\Controllers\Registrar->registro()
11 SYSTEMPATH\CodeIgniter.php(466): CodeIgniter\CodeIgniter->runController(Object(App\Controllers\Registrar))
12 SYSTEMPATH\CodeIgniter.php(349): CodeIgniter\CodeIgniter->handleRequest(null, Object(Config\Cache), false)
13 FCPATH\index.php(55): CodeIgniter\CodeIgniter->run()
